This is pdfTeX, Version 3.14159265-2.6-1.40.21 (TeX Live 2020/Debian) (preloaded format=pdflatex 2021.12.1)  14 JUN 2022 16:52
entering extended mode
 restricted \write18 enabled.
 file:line:error style messages enabled.
 %&-line parsing enabled.
**/home/fneum/bwss/papers/broad-ranges/paper/broad-ranges.tex
(/home/fneum/bwss/papers/broad-ranges/paper/broad-ranges.tex
LaTeX2e <2020-10-01> patch level 4
L3 programming layer <2021-01-09> xparse <2020-03-03> (/usr/share/texlive/texmf-dist/tex/latex/elsarticle/elsarticle.cls
Document Class: elsarticle 2020/11/20, 3.3: Elsevier Ltd
(/usr/share/texlive/texmf-dist/tex/latex/l3kernel/expl3.sty
Package: expl3 2021-01-09 L3 programming layer (loader)
 (/usr/share/texlive/texmf-dist/tex/latex/l3backend/l3backend-pdftex.def
File: l3backend-pdftex.def 2020-01-29 L3 backend support: PDF output (pdfTeX)
\l__color_backend_stack_int=\count177
\l__pdf_internal_box=\box47
)) (/usr/share/texlive/texmf-dist/tex/latex/l3packages/xparse/xparse.sty
Package: xparse 2020-10-27 L3 Experimental document command parser
 (/usr/share/texlive/texmf-dist/tex/latex/l3packages/xparse/xparse-generic.tex)) (/usr/share/texlive/texmf-dist/tex/latex/etoolbox/etoolbox.sty
Package: etoolbox 2020/10/05 v2.5k e-TeX tools for LaTeX (JAW)
\etb@tempcnta=\count178
)
\@bls=\dimen138
 (/usr/share/texlive/texmf-dist/tex/latex/base/article.cls
Document Class: article 2020/04/10 v1.4m Standard LaTeX document class
(/usr/share/texlive/texmf-dist/tex/latex/base/size11.clo
File: size11.clo 2020/04/10 v1.4m Standard LaTeX file (size option)
)
\c@part=\count179
\c@section=\count180
\c@subsection=\count181
\c@subsubsection=\count182
\c@paragraph=\count183
\c@subparagraph=\count184
\c@figure=\count185
\c@table=\count186
\abovecaptionskip=\skip47
\belowcaptionskip=\skip48
\bibindent=\dimen139
) (/usr/share/texlive/texmf-dist/tex/latex/graphics/graphicx.sty
Package: graphicx 2020/09/09 v1.2b Enhanced LaTeX Graphics (DPC,SPQR)
 (/usr/share/texlive/texmf-dist/tex/latex/graphics/keyval.sty
Package: keyval 2014/10/28 v1.15 key=value parser (DPC)
\KV@toks@=\toks15
) (/usr/share/texlive/texmf-dist/tex/latex/graphics/graphics.sty
Package: graphics 2020/08/30 v1.4c Standard LaTeX Graphics (DPC,SPQR)
 (/usr/share/texlive/texmf-dist/tex/latex/graphics/trig.sty
Package: trig 2016/01/03 v1.10 sin cos tan (DPC)
) (/usr/share/texlive/texmf-dist/tex/latex/graphics-cfg/graphics.cfg
File: graphics.cfg 2016/06/04 v1.11 sample graphics configuration
)
Package graphics Info: Driver file: pdftex.def on input line 105.
 (/usr/share/texlive/texmf-dist/tex/latex/graphics-def/pdftex.def
File: pdftex.def 2020/10/05 v1.2a Graphics/color driver for pdftex
))
\Gin@req@height=\dimen140
\Gin@req@width=\dimen141
)
\c@tnote=\count187
\c@fnote=\count188
\c@cnote=\count189
\c@ead=\count190
\c@author=\count191
\@eadauthor=\toks16
\c@affn=\count192
\absbox=\box48
\elsarticlehighlightsbox=\box49
\elsarticlegrabsbox=\box50
\keybox=\box51
\Columnwidth=\dimen142
\space@left=\dimen143
\els@boxa=\box52
\els@boxb=\box53
\leftMargin=\dimen144
\@enLab=\toks17
\@sep=\skip49
\@@sep=\skip50
 (/home/fneum/bwss/papers/broad-ranges/paper/broad-ranges.spl) (/usr/share/texlive/texmf-dist/tex/latex/natbib/natbib.sty
Package: natbib 2010/09/13 8.31b (PWD, AO)
\bibhang=\skip51
\bibsep=\skip52
LaTeX Info: Redefining \cite on input line 694.
\c@NAT@ctr=\count193
)
\splwrite=\write3
\openout3 = `broad-ranges.spl'.

 (/usr/share/texlive/texmf-dist/tex/latex/geometry/geometry.sty
Package: geometry 2020/01/02 v5.9 Page Geometry
 (/usr/share/texlive/texmf-dist/tex/generic/iftex/ifvtex.sty
Package: ifvtex 2019/10/25 v1.7 ifvtex legacy package. Use iftex instead.
 (/usr/share/texlive/texmf-dist/tex/generic/iftex/iftex.sty
Package: iftex 2020/03/06 v1.0d TeX engine tests
))
\Gm@cnth=\count194
\Gm@cntv=\count195
\c@Gm@tempcnt=\count196
\Gm@bindingoffset=\dimen145
\Gm@wd@mp=\dimen146
\Gm@odd@mp=\dimen147
\Gm@even@mp=\dimen148
\Gm@layoutwidth=\dimen149
\Gm@layoutheight=\dimen150
\Gm@layouthoffset=\dimen151
\Gm@layoutvoffset=\dimen152
\Gm@dimlist=\toks18
)
\appnamewidth=\dimen153
) (/usr/share/texlive/texmf-dist/tex/latex/libertine/libertine.sty
Package: libertine 2020/03/26 (Bob Tennent) Supports Libertine and Biolinum fonts for all LaTeX engines.
 (/usr/share/texlive/texmf-dist/tex/generic/iftex/ifxetex.sty
Package: ifxetex 2019/10/25 v0.7 ifxetex legacy package. Use iftex instead.
) (/usr/share/texlive/texmf-dist/tex/generic/iftex/ifluatex.sty
Package: ifluatex 2019/10/25 v1.5 ifluatex legacy package. Use iftex instead.
) (/usr/share/texlive/texmf-dist/tex/latex/xkeyval/xkeyval.sty
Package: xkeyval 2020/11/20 v2.8 package option processing (HA)
 (/usr/share/texlive/texmf-dist/tex/generic/xkeyval/xkeyval.tex (/usr/share/texlive/texmf-dist/tex/generic/xkeyval/xkvutils.tex
\XKV@toks=\toks19
\XKV@tempa@toks=\toks20
)
\XKV@depth=\count197
File: xkeyval.tex 2014/12/03 v2.7a key=value parser (HA)
)) (/usr/share/texlive/texmf-dist/tex/latex/base/textcomp.sty
Package: textcomp 2020/02/02 v2.0n Standard LaTeX package
) (/usr/share/texlive/texmf-dist/tex/latex/base/fontenc.sty
Package: fontenc 2020/08/10 v2.0s Standard LaTeX package
) (/usr/share/texlive/texmf-dist/tex/latex/fontaxes/fontaxes.sty
Package: fontaxes 2020/07/21 v1.0e Font selection axes
LaTeX Info: Redefining \upshape on input line 29.
LaTeX Info: Redefining \itshape on input line 31.
LaTeX Info: Redefining \slshape on input line 33.
LaTeX Info: Redefining \swshape on input line 35.
LaTeX Info: Redefining \scshape on input line 37.
LaTeX Info: Redefining \sscshape on input line 39.
LaTeX Info: Redefining \ulcshape on input line 41.
LaTeX Info: Redefining \textsw on input line 47.
LaTeX Info: Redefining \textssc on input line 48.
LaTeX Info: Redefining \textulc on input line 49.
)
LaTeX Info: Redefining \oldstylenums on input line 484.
 (/usr/share/texlive/texmf-dist/tex/latex/libertine/LinLibertine_I.tex)) (/usr/share/texlive/texmf-dist/tex/latex/libertinust1math/libertinust1math.sty
Package: libertinust1math 2020/11/04 v1.2.2---latex support for LibertinusT1Math (msharpe)
 (/usr/share/texlive/texmf-dist/tex/latex/amsmath/amsmath.sty
Package: amsmath 2020/09/23 v2.17i AMS math features
\@mathmargin=\skip53

For additional information on amsmath, use the `?' option.
(/usr/share/texlive/texmf-dist/tex/latex/amsmath/amstext.sty
Package: amstext 2000/06/29 v2.01 AMS text
 (/usr/share/texlive/texmf-dist/tex/latex/amsmath/amsgen.sty
File: amsgen.sty 1999/11/30 v2.0 generic functions
\@emptytoks=\toks21
\ex@=\dimen154
)) (/usr/share/texlive/texmf-dist/tex/latex/amsmath/amsbsy.sty
Package: amsbsy 1999/11/29 v1.2d Bold Symbols
\pmbraise@=\dimen155
) (/usr/share/texlive/texmf-dist/tex/latex/amsmath/amsopn.sty
Package: amsopn 2016/03/08 v2.02 operator names
)
\inf@bad=\count198
LaTeX Info: Redefining \frac on input line 234.
\uproot@=\count199
\leftroot@=\count266
LaTeX Info: Redefining \overline on input line 399.
\classnum@=\count267
\DOTSCASE@=\count268
LaTeX Info: Redefining \ldots on input line 496.
LaTeX Info: Redefining \dots on input line 499.
LaTeX Info: Redefining \cdots on input line 620.
\Mathstrutbox@=\box54
\strutbox@=\box55
\big@size=\dimen156
LaTeX Font Info:    Redeclaring font encoding OML on input line 743.
LaTeX Font Info:    Redeclaring font encoding OMS on input line 744.
\macc@depth=\count269
\c@MaxMatrixCols=\count270
\dotsspace@=\muskip16
\c@parentequation=\count271
\dspbrk@lvl=\count272
\tag@help=\toks22
\row@=\count273
\column@=\count274
\maxfields@=\count275
\andhelp@=\toks23
\eqnshift@=\dimen157
\alignsep@=\dimen158
\tagshift@=\dimen159
\tagwidth@=\dimen160
\totwidth@=\dimen161
\lineht@=\dimen162
\@envbody=\toks24
\multlinegap=\skip54
\multlinetaggap=\skip55
\mathdisplay@stack=\toks25
LaTeX Info: Redefining \[ on input line 2923.
LaTeX Info: Redefining \] on input line 2924.
)
Now handling font encoding LS1 ...
... no UTF-8 mapping file for font encoding LS1
Now handling font encoding LS2 ...
... no UTF-8 mapping file for font encoding LS2
LaTeX Font Info:    Redeclaring symbol font `letters' on input line 68.
LaTeX Font Info:    Encoding `OML' has changed to `LS1' for symbol font
(Font)              `letters' in the math version `normal' on input line 68.
LaTeX Font Info:    Overwriting symbol font `letters' in version `normal'
(Font)                  OML/cmm/m/it --> LS1/libertinust1math/m/it on input line 68.
LaTeX Font Info:    Encoding `OML' has changed to `LS1' for symbol font
(Font)              `letters' in the math version `bold' on input line 68.
LaTeX Font Info:    Overwriting symbol font `letters' in version `bold'
(Font)                  OML/cmm/b/it --> LS1/libertinust1math/m/it on input line 68.
LaTeX Font Info:    Redeclaring symbol font `operators' on input line 69.
LaTeX Font Info:    Encoding `OT1' has changed to `LS1' for symbol font
(Font)              `operators' in the math version `normal' on input line 69.
LaTeX Font Info:    Overwriting symbol font `operators' in version `normal'
(Font)                  OT1/cmr/m/n --> LS1/libertinust1math/m/n on input line 69.
LaTeX Font Info:    Encoding `OT1' has changed to `LS1' for symbol font
(Font)              `operators' in the math version `bold' on input line 69.
LaTeX Font Info:    Overwriting symbol font `operators' in version `bold'
(Font)                  OT1/cmr/bx/n --> LS1/libertinust1math/m/n on input line 69.
\symsymbolsbb=\mathgroup4
LaTeX Font Info:    Redeclaring symbol font `symbols' on input line 71.
LaTeX Font Info:    Encoding `OMS' has changed to `LS2' for symbol font
(Font)              `symbols' in the math version `normal' on input line 71.
LaTeX Font Info:    Overwriting symbol font `symbols' in version `normal'
(Font)                  OMS/cmsy/m/n --> LS2/libertinust1mathsym/m/n on input line 71.
LaTeX Font Info:    Encoding `OMS' has changed to `LS2' for symbol font
(Font)              `symbols' in the math version `bold' on input line 71.
LaTeX Font Info:    Overwriting symbol font `symbols' in version `bold'
(Font)                  OMS/cmsy/b/n --> LS2/libertinust1mathsym/m/n on input line 71.
LaTeX Font Info:    Redeclaring symbol font `largesymbols' on input line 72.
LaTeX Font Info:    Encoding `OMX' has changed to `LS2' for symbol font
(Font)              `largesymbols' in the math version `normal' on input line 72.
LaTeX Font Info:    Overwriting symbol font `largesymbols' in version `normal'
(Font)                  OMX/cmex/m/n --> LS2/libertinust1mathex/m/n on input line 72.
LaTeX Font Info:    Encoding `OMX' has changed to `LS2' for symbol font
(Font)              `largesymbols' in the math version `bold' on input line 72.
LaTeX Font Info:    Overwriting symbol font `largesymbols' in version `bold'
(Font)                  OMX/cmex/m/n --> LS2/libertinust1mathex/m/n on input line 72.
LaTeX Font Info:    Redeclaring math alphabet \mathsf on input line 73.
LaTeX Font Info:    Overwriting math alphabet `\mathsf' in version `normal'
(Font)                  OT1/cmss/m/n --> LS1/libertinust1mathsf/m/n on input line 73.
LaTeX Font Info:    Overwriting math alphabet `\mathsf' in version `bold'
(Font)                  OT1/cmss/bx/n --> LS1/libertinust1mathsf/m/n on input line 73.
LaTeX Font Info:    Redeclaring math alphabet \mathsfbf on input line 82.
LaTeX Font Info:    Overwriting math alphabet `\mathsfbf' in version `normal'
(Font)                  LS1/libertinust1mathsf/b/n --> LS1/libertinust1mathsf/b/n on input line 82.
LaTeX Font Info:    Overwriting math alphabet `\mathsfbf' in version `bold'
(Font)                  LS1/libertinust1mathsf/b/n --> LS1/libertinust1mathsf/b/n on input line 82.
LaTeX Font Info:    Overwriting symbol font `letters' in version `bold'
(Font)                  LS1/libertinust1math/m/it --> LS1/libertinust1math/b/it on input line 84.
LaTeX Font Info:    Overwriting symbol font `operators' in version `bold'
(Font)                  LS1/libertinust1math/m/n --> LS1/libertinust1math/b/n on input line 85.
\symbold-operators=\mathgroup5
\symbold-letters=\mathgroup6
LaTeX Font Info:    Redeclaring math alphabet \mathit on input line 88.
LaTeX Font Info:    Redeclaring math alphabet \mathbf on input line 90.
LaTeX Font Info:    Overwriting math alphabet `\mathsf' in version `bold'
(Font)                  LS1/libertinust1mathsf/m/n --> LS1/libertinust1mathsf/b/n on input line 118.
LaTeX Font Info:    Redeclaring math alphabet \mathcal on input line 130.
LaTeX Font Info:    Overwriting math alphabet `\mathcal' in version `bold'
(Font)                  U/stixcal/m/n --> U/stixcal/b/n on input line 131.
LaTeX Font Info:    Redeclaring math symbol \hbar on input line 362.
LaTeX Font Info:    Redeclaring math accent \grave on input line 659.
LaTeX Font Info:    Redeclaring math accent \acute on input line 660.
LaTeX Font Info:    Redeclaring math accent \hat on input line 661.
LaTeX Font Info:    Redeclaring math accent \tilde on input line 662.
LaTeX Font Info:    Redeclaring math accent \bar on input line 663.
LaTeX Font Info:    Redeclaring math accent \breve on input line 664.
LaTeX Font Info:    Redeclaring math accent \dot on input line 665.
LaTeX Font Info:    Redeclaring math accent \ddot on input line 666.
LaTeX Font Info:    Redeclaring math accent \mathring on input line 668.
LaTeX Font Info:    Redeclaring math accent \check on input line 669.
LaTeX Font Info:    Redeclaring math accent \vec on input line 677.
LaTeX Info: Redefining \vdots on input line 1086.
LaTeX Info: Redefining \cdots on input line 1090.
LaTeX Info: Redefining \not on input line 1330.
) (/usr/share/texlive/texmf-dist/tex/latex/bbold/bbold.sty
Package: bbold 1994/04/06 Bbold symbol package
LaTeX Font Info:    Redeclaring math alphabet \mathbb on input line 42.
) (/usr/share/texlive/texmf-dist/tex/latex/eurosym/eurosym.sty
Package: eurosym 1998/08/06 v1.1 European currency symbol ``Euro''
\@eurobox=\box56
) (/usr/share/texlive/texmf-dist/tex/latex/mathtools/mathtools.sty
Package: mathtools 2020/03/24 v1.24 mathematical typesetting tools
 (/usr/share/texlive/texmf-dist/tex/latex/tools/calc.sty
Package: calc 2017/05/25 v4.3 Infix arithmetic (KKT,FJ)
\calc@Acount=\count276
\calc@Bcount=\count277
\calc@Adimen=\dimen163
\calc@Bdimen=\dimen164
\calc@Askip=\skip56
\calc@Bskip=\skip57
LaTeX Info: Redefining \setlength on input line 80.
LaTeX Info: Redefining \addtolength on input line 81.
\calc@Ccount=\count278
\calc@Cskip=\skip58
) (/usr/share/texlive/texmf-dist/tex/latex/mathtools/mhsetup.sty
Package: mhsetup 2017/03/31 v1.3 programming setup (MH)
)
LaTeX Info: Thecontrolsequence`\('isalreadyrobust on input line 130.
LaTeX Info: Thecontrolsequence`\)'isalreadyrobust on input line 130.
LaTeX Info: Thecontrolsequence`\['isalreadyrobust on input line 130.
LaTeX Info: Thecontrolsequence`\]'isalreadyrobust on input line 130.
\g_MT_multlinerow_int=\count279
\l_MT_multwidth_dim=\dimen165
\origjot=\skip59
\l_MT_shortvdotswithinadjustabove_dim=\dimen166
\l_MT_shortvdotswithinadjustbelow_dim=\dimen167
\l_MT_above_intertext_sep=\dimen168
\l_MT_below_intertext_sep=\dimen169
\l_MT_above_shortintertext_sep=\dimen170
\l_MT_below_shortintertext_sep=\dimen171
\xmathstrut@box=\box57
\xmathstrut@dim=\dimen172
) (/usr/share/texlive/texmf-dist/tex/latex/url/url.sty
\Urlmuskip=\muskip17
Package: url 2013/09/16  ver 3.4  Verb mode for urls, etc.
) (/usr/share/texlive/texmf-dist/tex/latex/booktabs/booktabs.sty
Package: booktabs 2020/01/12 v1.61803398 Publication quality tables
\heavyrulewidth=\dimen173
\lightrulewidth=\dimen174
\cmidrulewidth=\dimen175
\belowrulesep=\dimen176
\belowbottomsep=\dimen177
\aboverulesep=\dimen178
\abovetopsep=\dimen179
\cmidrulesep=\dimen180
\cmidrulekern=\dimen181
\defaultaddspace=\dimen182
\@cmidla=\count280
\@cmidlb=\count281
\@aboverulesep=\dimen183
\@belowrulesep=\dimen184
\@thisruleclass=\count282
\@lastruleclass=\count283
\@thisrulewidth=\dimen185
) (/usr/share/texlive/texmf-dist/tex/latex/epstopdf-pkg/epstopdf.sty
Package: epstopdf 2020-01-24 v2.11 Conversion with epstopdf on the fly (HO)
 (/usr/share/texlive/texmf-dist/tex/generic/infwarerr/infwarerr.sty
Package: infwarerr 2019/12/03 v1.5 Providing info/warning/error messages (HO)
) (/usr/share/texlive/texmf-dist/tex/latex/grfext/grfext.sty
Package: grfext 2019/12/03 v1.3 Manage graphics extensions (HO)
 (/usr/share/texlive/texmf-dist/tex/generic/kvdefinekeys/kvdefinekeys.sty
Package: kvdefinekeys 2019-12-19 v1.6 Define keys (HO)
)) (/usr/share/texlive/texmf-dist/tex/latex/kvoptions/kvoptions.sty
Package: kvoptions 2020-10-07 v3.14 Key value format for package options (HO)
 (/usr/share/texlive/texmf-dist/tex/generic/ltxcmds/ltxcmds.sty
Package: ltxcmds 2020-05-10 v1.25 LaTeX kernel commands for general use (HO)
) (/usr/share/texlive/texmf-dist/tex/generic/kvsetkeys/kvsetkeys.sty
Package: kvsetkeys 2019/12/15 v1.18 Key value parser (HO)
)) (/usr/share/texlive/texmf-dist/tex/generic/pdftexcmds/pdftexcmds.sty
Package: pdftexcmds 2020-06-27 v0.33 Utility functions of pdfTeX for LuaTeX (HO)
Package pdftexcmds Info: \pdf@primitive is available.
Package pdftexcmds Info: \pdf@ifprimitive is available.
Package pdftexcmds Info: \pdfdraftmode found.
) (/usr/share/texlive/texmf-dist/tex/latex/epstopdf-pkg/epstopdf-base.sty
Package: epstopdf-base 2020-01-24 v2.11 Base part for package epstopdf
Package epstopdf-base Info: Redefining graphics rule for `.eps' on input line 485.
Package grfext Info: Graphics extension search list:
(grfext)             [.pdf,.png,.jpg,.mps,.jpeg,.jbig2,.jb2,.PDF,.PNG,.JPG,.JPEG,.JBIG2,.JB2,.eps]
(grfext)             \AppendGraphicsExtensions on input line 504.
 (/usr/share/texlive/texmf-dist/tex/latex/latexconfig/epstopdf-sys.cfg
File: epstopdf-sys.cfg 2010/07/13 v1.3 Configuration of (r)epstopdf for TeX Live
))) (/usr/share/texlive/texmf-dist/tex/latex/l3packages/xfrac/xfrac.sty (/usr/share/texlive/texmf-dist/tex/latex/l3packages/l3keys2e/l3keys2e.sty
Package: l3keys2e 2020-10-27 LaTeX2e option processing using LaTeX3 keys
) (/usr/share/texlive/texmf-dist/tex/latex/l3packages/xtemplate/xtemplate.sty
Package: xtemplate 2020-10-27 L3 Experimental prototype document functions
\l__xtemplate_tmp_dim=\dimen186
\l__xtemplate_tmp_int=\count284
\l__xtemplate_tmp_muskip=\muskip18
\l__xtemplate_tmp_skip=\skip60
)
Package: xfrac 2020-10-27 L3 Experimental split-level fractions
\l__xfrac_slash_box=\box58
\l__xfrac_tmp_box=\box59
\l__xfrac_denominator_bot_sep_dim=\dimen187
\l__xfrac_numerator_bot_sep_dim=\dimen188
\l__xfrac_numerator_top_sep_dim=\dimen189
\l__xfrac_slash_left_sep_dim=\dimen190
\l__xfrac_slash_right_sep_dim=\dimen191
\l__xfrac_slash_left_muskip=\muskip19
\l__xfrac_slash_right_muskip=\muskip20

Package xtemplate Info: Declaring object type 'xfrac' taking 3 argument(s) on
(xtemplate)             line 80.

) (/usr/share/texlive/texmf-dist/tex/latex/tools/bm.sty
Package: bm 2019/07/24 v1.2d Bold Symbol Support (DPC/FMi)
\symboldoperators=\mathgroup7
\symboldletters=\mathgroup8
LaTeX Info: Redefining \bm on input line 209.
) (/usr/share/texlive/texmf-dist/tex/latex/hyperref/hyperref.sty
Package: hyperref 2020-05-15 v7.00e Hypertext links for LaTeX
 (/usr/share/texlive/texmf-dist/tex/generic/pdfescape/pdfescape.sty
Package: pdfescape 2019/12/09 v1.15 Implements pdfTeX's escape features (HO)
) (/usr/share/texlive/texmf-dist/tex/latex/hycolor/hycolor.sty
Package: hycolor 2020-01-27 v1.10 Color options for hyperref/bookmark (HO)
) (/usr/share/texlive/texmf-dist/tex/latex/letltxmacro/letltxmacro.sty
Package: letltxmacro 2019/12/03 v1.6 Let assignment for LaTeX macros (HO)
) (/usr/share/texlive/texmf-dist/tex/latex/auxhook/auxhook.sty
Package: auxhook 2019-12-17 v1.6 Hooks for auxiliary files (HO)
)
\@linkdim=\dimen192
\Hy@linkcounter=\count285
\Hy@pagecounter=\count286
 (/usr/share/texlive/texmf-dist/tex/latex/hyperref/pd1enc.def
File: pd1enc.def 2020-05-15 v7.00e Hyperref: PDFDocEncoding definition (HO)
Now handling font encoding PD1 ...
... no UTF-8 mapping file for font encoding PD1
) (/usr/share/texlive/texmf-dist/tex/generic/intcalc/intcalc.sty
Package: intcalc 2019/12/15 v1.3 Expandable calculations with integers (HO)
) (/usr/share/texlive/texmf-dist/tex/generic/etexcmds/etexcmds.sty
Package: etexcmds 2019/12/15 v1.7 Avoid name clashes with e-TeX commands (HO)
)
\Hy@SavedSpaceFactor=\count287
Package hyperref Info: Option `colorlinks' set `true' on input line 4338.
Package hyperref Info: Hyper figures OFF on input line 4464.
Package hyperref Info: Link nesting OFF on input line 4469.
Package hyperref Info: Hyper index ON on input line 4472.
Package hyperref Info: Plain pages OFF on input line 4479.
Package hyperref Info: Backreferencing OFF on input line 4484.
Package hyperref Info: Implicit mode ON; LaTeX internals redefined.
Package hyperref Info: Bookmarks ON on input line 4717.
\c@Hy@tempcnt=\count288
LaTeX Info: Redefining \url on input line 5076.
\XeTeXLinkMargin=\dimen193
 (/usr/share/texlive/texmf-dist/tex/generic/bitset/bitset.sty
Package: bitset 2019/12/09 v1.3 Handle bit-vector datatype (HO)
 (/usr/share/texlive/texmf-dist/tex/generic/bigintcalc/bigintcalc.sty
Package: bigintcalc 2019/12/15 v1.5 Expandable calculations on big integers (HO)
))
\Fld@menulength=\count289
\Field@Width=\dimen194
\Fld@charsize=\dimen195
Package hyperref Info: Hyper figures OFF on input line 6347.
Package hyperref Info: Link nesting OFF on input line 6352.
Package hyperref Info: Hyper index ON on input line 6355.
Package hyperref Info: backreferencing OFF on input line 6362.
Package hyperref Info: Link coloring ON on input line 6365.
Package hyperref Info: Link coloring with OCG OFF on input line 6372.
Package hyperref Info: PDF/A mode OFF on input line 6377.
LaTeX Info: Redefining \ref on input line 6417.
LaTeX Info: Redefining \pageref on input line 6421.
 (/usr/share/texlive/texmf-dist/tex/latex/base/atbegshi-ltx.sty
Package: atbegshi-ltx 2020/08/17 v1.0a Emulation of the original atbegshi package
with kernel methods
)
\Hy@abspage=\count290
\c@Item=\count291
\c@Hfootnote=\count292
)
Package hyperref Info: Driver (autodetected): hpdftex.
 (/usr/share/texlive/texmf-dist/tex/latex/hyperref/hpdftex.def
File: hpdftex.def 2020-05-15 v7.00e Hyperref driver for pdfTeX
 (/usr/share/texlive/texmf-dist/tex/latex/base/atveryend-ltx.sty
Package: atveryend-ltx 2020/08/19 v1.0a Emulation of the original atvery package
with kernel methods
)
\Fld@listcount=\count293
\c@bookmark@seq@number=\count294
 (/usr/share/texlive/texmf-dist/tex/latex/rerunfilecheck/rerunfilecheck.sty
Package: rerunfilecheck 2019/12/05 v1.9 Rerun checks for auxiliary files (HO)
 (/usr/share/texlive/texmf-dist/tex/generic/uniquecounter/uniquecounter.sty
Package: uniquecounter 2019/12/15 v1.4 Provide unlimited unique counter (HO)
)
Package uniquecounter Info: New unique counter `rerunfilecheck' on input line 286.
)
\Hy@SectionHShift=\skip61
) (/usr/share/texlive/texmf-dist/tex/latex/cleveref/cleveref.sty
Package: cleveref 2018/03/27 v0.21.4 Intelligent cross-referencing
Package cleveref Info: `hyperref' support loaded on input line 2370.
LaTeX Info: Redefining \cref on input line 2370.
LaTeX Info: Redefining \Cref on input line 2370.
LaTeX Info: Redefining \crefrange on input line 2370.
LaTeX Info: Redefining \Crefrange on input line 2370.
LaTeX Info: Redefining \cpageref on input line 2370.
LaTeX Info: Redefining \Cpageref on input line 2370.
LaTeX Info: Redefining \cpagerefrange on input line 2370.
LaTeX Info: Redefining \Cpagerefrange on input line 2370.
LaTeX Info: Redefining \labelcref on input line 2370.
LaTeX Info: Redefining \labelcpageref on input line 2370.
Package cleveref Info: always capitalise cross-reference names on input line 7825.
Package cleveref Info: include cross-reference names in hyperlinks on input line 7836.
Package cleveref Info: include cross-reference names in hyperlinks on input line 7852.
Package cleveref Info: sorting and compressing references on input line 7852.
Package cleveref Info: always capitalise cross-reference names on input line 7852.
Package cleveref Info: no abbreviation of names on input line 7852.
) (/usr/share/texlive/texmf-dist/tex/latex/sidecap/sidecap.sty
Package: sidecap 2003/06/06 v1.6f SideCap Package (RN/HjG)
 (/usr/share/texlive/texmf-dist/tex/latex/base/ifthen.sty
Package: ifthen 2014/09/29 v1.1c Standard LaTeX ifthen package (DPC)
)
\SC@BOXWD=\dimen196
\SC@CAPWD=\dimen197
\SC@tempdima=\dimen198
\SC@tempdimb=\dimen199
\c@SC@C=\count295
\SC@BOX=\box60
) (/usr/share/texlive/texmf-dist/tex/latex/caption/subcaption.sty
Package: subcaption 2020/10/07 v1.3j Sub-captions (AR)
 (/usr/share/texlive/texmf-dist/tex/latex/caption/caption.sty
Package: caption 2020/10/26 v3.5g Customizing captions (AR)
 (/usr/share/texlive/texmf-dist/tex/latex/caption/caption3.sty
Package: caption3 2020/10/21 v2.2e caption3 kernel (AR)
\captionmargin=\dimen256
\captionmargin@=\dimen257
\captionwidth=\dimen258
\caption@tempdima=\dimen259
\caption@indent=\dimen260
\caption@parindent=\dimen261
\caption@hangindent=\dimen262
Package caption Info: elsarticle document class detected.
 (/usr/share/texlive/texmf-dist/tex/latex/caption/caption-elsarticle.sto
File: caption-elsarticle.sto 2020/08/22 v2.0 Adaption of the caption package to the elsarticle document class (AR)
))
\c@caption@flags=\count296
\c@continuedfloat=\count297
Package caption Info: hyperref package is loaded.
Package caption Info: sidecap package is loaded.
)
\c@subfigure=\count298
\c@subtable=\count299
) (/usr/share/texlive/texmf-dist/tex/latex/blindtext/blindtext.sty
Package: blindtext 2012/01/06 V2.0 blindtext-Package
 (/usr/share/texlive/texmf-dist/tex/latex/tools/xspace.sty
Package: xspace 2014/10/28 v1.13 Space after command names (DPC,MH)
)
\c@blindtext=\count300
\c@Blindtext=\count301
\c@blind@countparstart=\count302
\blind@countxx=\count303
\blindtext@numBlindtext=\count304
\blind@countyy=\count305
\c@blindlist=\count306
\c@blindlistlevel=\count307
\c@blindlist@level=\count308
\blind@listitem=\count309
\c@blind@listcount=\count310
\c@blind@levelcount=\count311
\blind@mathformula=\count312
\blind@Mathformula=\count313
\c@blind@randomcount=\count314
\c@blind@randommax=\count315
\c@blind@pangramcount=\count316
\c@blind@pangrammax=\count317
) (/usr/share/texlive/texmf-dist/tex/latex/parskip/parskip.sty
Package: parskip 2020-06-15 v2.0f non-zero parskip adjustments
) (/usr/share/texlive/texmf-dist/tex/latex/todonotes/todonotes.sty
Package: todonotes 2020/08/18 v1.1.3 Todonotes source and documentation.
Package: todonotes 2018/11/22
 (/usr/share/texlive/texmf-dist/tex/latex/xcolor/xcolor.sty
Package: xcolor 2016/05/11 v2.12 LaTeX color extensions (UK)
 (/usr/share/texlive/texmf-dist/tex/latex/graphics-cfg/color.cfg
File: color.cfg 2016/01/02 v1.6 sample color configuration
)
Package xcolor Info: Driver file: pdftex.def on input line 225.
Package xcolor Info: Model `cmy' substituted by `cmy0' on input line 1348.
Package xcolor Info: Model `hsb' substituted by `rgb' on input line 1352.
Package xcolor Info: Model `RGB' extended on input line 1364.
Package xcolor Info: Model `HTML' substituted by `rgb' on input line 1366.
Package xcolor Info: Model `Hsb' substituted by `hsb' on input line 1367.
Package xcolor Info: Model `tHsb' substituted by `hsb' on input line 1368.
Package xcolor Info: Model `HSB' substituted by `hsb' on input line 1369.
Package xcolor Info: Model `Gray' substituted by `gray' on input line 1370.
Package xcolor Info: Model `wave' substituted by `hsb' on input line 1371.
) (/usr/share/texlive/texmf-dist/tex/latex/pgf/frontendlayer/tikz.sty (/usr/share/texlive/texmf-dist/tex/latex/pgf/basiclayer/pgf.sty (/usr/share/texlive/texmf-dist/tex/latex/pgf/utilities/pgfrcs.sty (/usr/share/texlive/texmf-dist/tex/generic/pgf/utilities/pgfutil-common.tex
\pgfutil@everybye=\toks26
\pgfutil@tempdima=\dimen263
\pgfutil@tempdimb=\dimen264
 (/usr/share/texlive/texmf-dist/tex/generic/pgf/utilities/pgfutil-common-lists.tex)) (/usr/share/texlive/texmf-dist/tex/generic/pgf/utilities/pgfutil-latex.def
\pgfutil@abb=\box61
) (/usr/share/texlive/texmf-dist/tex/generic/pgf/utilities/pgfrcs.code.tex (/usr/share/texlive/texmf-dist/tex/generic/pgf/pgf.revision.tex)
Package: pgfrcs 2020/12/27 v3.1.8b (3.1.8b)
))
Package: pgf 2020/12/27 v3.1.8b (3.1.8b)
 (/usr/share/texlive/texmf-dist/tex/latex/pgf/basiclayer/pgfcore.sty (/usr/share/texlive/texmf-dist/tex/latex/pgf/systemlayer/pgfsys.sty (/usr/share/texlive/texmf-dist/tex/generic/pgf/systemlayer/pgfsys.code.tex
Package: pgfsys 2020/12/27 v3.1.8b (3.1.8b)
 (/usr/share/texlive/texmf-dist/tex/generic/pgf/utilities/pgfkeys.code.tex
\pgfkeys@pathtoks=\toks27
\pgfkeys@temptoks=\toks28
 (/usr/share/texlive/texmf-dist/tex/generic/pgf/utilities/pgfkeysfiltered.code.tex
\pgfkeys@tmptoks=\toks29
))
\pgf@x=\dimen265
\pgf@y=\dimen266
\pgf@xa=\dimen267
\pgf@ya=\dimen268
\pgf@xb=\dimen269
\pgf@yb=\dimen270
\pgf@xc=\dimen271
\pgf@yc=\dimen272
\pgf@xd=\dimen273
\pgf@yd=\dimen274
\w@pgf@writea=\write4
\r@pgf@reada=\read2
\c@pgf@counta=\count318
\c@pgf@countb=\count319
\c@pgf@countc=\count320
\c@pgf@countd=\count321
\t@pgf@toka=\toks30
\t@pgf@tokb=\toks31
\t@pgf@tokc=\toks32
\pgf@sys@id@count=\count322
 (/usr/share/texlive/texmf-dist/tex/generic/pgf/systemlayer/pgf.cfg
File: pgf.cfg 2020/12/27 v3.1.8b (3.1.8b)
)
Driver file for pgf: pgfsys-pdftex.def
 (/usr/share/texlive/texmf-dist/tex/generic/pgf/systemlayer/pgfsys-pdftex.def
File: pgfsys-pdftex.def 2020/12/27 v3.1.8b (3.1.8b)
 (/usr/share/texlive/texmf-dist/tex/generic/pgf/systemlayer/pgfsys-common-pdf.def
File: pgfsys-common-pdf.def 2020/12/27 v3.1.8b (3.1.8b)
))) (/usr/share/texlive/texmf-dist/tex/generic/pgf/systemlayer/pgfsyssoftpath.code.tex
File: pgfsyssoftpath.code.tex 2020/12/27 v3.1.8b (3.1.8b)
\pgfsyssoftpath@smallbuffer@items=\count323
\pgfsyssoftpath@bigbuffer@items=\count324
) (/usr/share/texlive/texmf-dist/tex/generic/pgf/systemlayer/pgfsysprotocol.code.tex
File: pgfsysprotocol.code.tex 2020/12/27 v3.1.8b (3.1.8b)
)) (/usr/share/texlive/texmf-dist/tex/generic/pgf/basiclayer/pgfcore.code.tex
Package: pgfcore 2020/12/27 v3.1.8b (3.1.8b)
 (/usr/share/texlive/texmf-dist/tex/generic/pgf/math/pgfmath.code.tex (/usr/share/texlive/texmf-dist/tex/generic/pgf/math/pgfmathcalc.code.tex (/usr/share/texlive/texmf-dist/tex/generic/pgf/math/pgfmathutil.code.tex) (/usr/share/texlive/texmf-dist/tex/generic/pgf/math/pgfmathparser.code.tex
\pgfmath@dimen=\dimen275
\pgfmath@count=\count325
\pgfmath@box=\box62
\pgfmath@toks=\toks33
\pgfmath@stack@operand=\toks34
\pgfmath@stack@operation=\toks35
) (/usr/share/texlive/texmf-dist/tex/generic/pgf/math/pgfmathfunctions.code.tex (/usr/share/texlive/texmf-dist/tex/generic/pgf/math/pgfmathfunctions.basic.code.tex) (/usr/share/texlive/texmf-dist/tex/generic/pgf/math/pgfmathfunctions.trigonometric.code.tex) (/usr/share/texlive/texmf-dist/tex/generic/pgf/math/pgfmathfunctions.random.code.tex) (/usr/share/texlive/texmf-dist/tex/generic/pgf/math/pgfmathfunctions.comparison.code.tex) (/usr/share/texlive/texmf-dist/tex/generic/pgf/math/pgfmathfunctions.base.code.tex) (/usr/share/texlive/texmf-dist/tex/generic/pgf/math/pgfmathfunctions.round.code.tex) (/usr/share/texlive/texmf-dist/tex/generic/pgf/math/pgfmathfunctions.misc.code.tex) (/usr/share/texlive/texmf-dist/tex/generic/pgf/math/pgfmathfunctions.integerarithmetics.code.tex))) (/usr/share/texlive/texmf-dist/tex/generic/pgf/math/pgfmathfloat.code.tex
\c@pgfmathroundto@lastzeros=\count326
)) (/usr/share/texlive/texmf-dist/tex/generic/pgf/math/pgfint.code.tex) (/usr/share/texlive/texmf-dist/tex/generic/pgf/basiclayer/pgfcorepoints.code.tex
File: pgfcorepoints.code.tex 2020/12/27 v3.1.8b (3.1.8b)
\pgf@picminx=\dimen276
\pgf@picmaxx=\dimen277
\pgf@picminy=\dimen278
\pgf@picmaxy=\dimen279
\pgf@pathminx=\dimen280
\pgf@pathmaxx=\dimen281
\pgf@pathminy=\dimen282
\pgf@pathmaxy=\dimen283
\pgf@xx=\dimen284
\pgf@xy=\dimen285
\pgf@yx=\dimen286
\pgf@yy=\dimen287
\pgf@zx=\dimen288
\pgf@zy=\dimen289
) (/usr/share/texlive/texmf-dist/tex/generic/pgf/basiclayer/pgfcorepathconstruct.code.tex
File: pgfcorepathconstruct.code.tex 2020/12/27 v3.1.8b (3.1.8b)
\pgf@path@lastx=\dimen290
\pgf@path@lasty=\dimen291
) (/usr/share/texlive/texmf-dist/tex/generic/pgf/basiclayer/pgfcorepathusage.code.tex
File: pgfcorepathusage.code.tex 2020/12/27 v3.1.8b (3.1.8b)
\pgf@shorten@end@additional=\dimen292
\pgf@shorten@start@additional=\dimen293
) (/usr/share/texlive/texmf-dist/tex/generic/pgf/basiclayer/pgfcorescopes.code.tex
File: pgfcorescopes.code.tex 2020/12/27 v3.1.8b (3.1.8b)
\pgfpic=\box63
\pgf@hbox=\box64
\pgf@layerbox@main=\box65
\pgf@picture@serial@count=\count327
) (/usr/share/texlive/texmf-dist/tex/generic/pgf/basiclayer/pgfcoregraphicstate.code.tex
File: pgfcoregraphicstate.code.tex 2020/12/27 v3.1.8b (3.1.8b)
\pgflinewidth=\dimen294
) (/usr/share/texlive/texmf-dist/tex/generic/pgf/basiclayer/pgfcoretransformations.code.tex
File: pgfcoretransformations.code.tex 2020/12/27 v3.1.8b (3.1.8b)
\pgf@pt@x=\dimen295
\pgf@pt@y=\dimen296
\pgf@pt@temp=\dimen297
) (/usr/share/texlive/texmf-dist/tex/generic/pgf/basiclayer/pgfcorequick.code.tex
File: pgfcorequick.code.tex 2020/12/27 v3.1.8b (3.1.8b)
) (/usr/share/texlive/texmf-dist/tex/generic/pgf/basiclayer/pgfcoreobjects.code.tex
File: pgfcoreobjects.code.tex 2020/12/27 v3.1.8b (3.1.8b)
) (/usr/share/texlive/texmf-dist/tex/generic/pgf/basiclayer/pgfcorepathprocessing.code.tex
File: pgfcorepathprocessing.code.tex 2020/12/27 v3.1.8b (3.1.8b)
) (/usr/share/texlive/texmf-dist/tex/generic/pgf/basiclayer/pgfcorearrows.code.tex
File: pgfcorearrows.code.tex 2020/12/27 v3.1.8b (3.1.8b)
\pgfarrowsep=\dimen298
) (/usr/share/texlive/texmf-dist/tex/generic/pgf/basiclayer/pgfcoreshade.code.tex
File: pgfcoreshade.code.tex 2020/12/27 v3.1.8b (3.1.8b)
\pgf@max=\dimen299
\pgf@sys@shading@range@num=\count328
\pgf@shadingcount=\count329
) (/usr/share/texlive/texmf-dist/tex/generic/pgf/basiclayer/pgfcoreimage.code.tex
File: pgfcoreimage.code.tex 2020/12/27 v3.1.8b (3.1.8b)
 (/usr/share/texlive/texmf-dist/tex/generic/pgf/basiclayer/pgfcoreexternal.code.tex
File: pgfcoreexternal.code.tex 2020/12/27 v3.1.8b (3.1.8b)
\pgfexternal@startupbox=\box66
)) (/usr/share/texlive/texmf-dist/tex/generic/pgf/basiclayer/pgfcorelayers.code.tex
File: pgfcorelayers.code.tex 2020/12/27 v3.1.8b (3.1.8b)
) (/usr/share/texlive/texmf-dist/tex/generic/pgf/basiclayer/pgfcoretransparency.code.tex
File: pgfcoretransparency.code.tex 2020/12/27 v3.1.8b (3.1.8b)
) (/usr/share/texlive/texmf-dist/tex/generic/pgf/basiclayer/pgfcorepatterns.code.tex
File: pgfcorepatterns.code.tex 2020/12/27 v3.1.8b (3.1.8b)
) (/usr/share/texlive/texmf-dist/tex/generic/pgf/basiclayer/pgfcorerdf.code.tex
File: pgfcorerdf.code.tex 2020/12/27 v3.1.8b (3.1.8b)
))) (/usr/share/texlive/texmf-dist/tex/generic/pgf/modules/pgfmoduleshapes.code.tex
File: pgfmoduleshapes.code.tex 2020/12/27 v3.1.8b (3.1.8b)
\pgfnodeparttextbox=\box67
) (/usr/share/texlive/texmf-dist/tex/generic/pgf/modules/pgfmoduleplot.code.tex
File: pgfmoduleplot.code.tex 2020/12/27 v3.1.8b (3.1.8b)
) (/usr/share/texlive/texmf-dist/tex/latex/pgf/compatibility/pgfcomp-version-0-65.sty
Package: pgfcomp-version-0-65 2020/12/27 v3.1.8b (3.1.8b)
\pgf@nodesepstart=\dimen300
\pgf@nodesepend=\dimen301
) (/usr/share/texlive/texmf-dist/tex/latex/pgf/compatibility/pgfcomp-version-1-18.sty
Package: pgfcomp-version-1-18 2020/12/27 v3.1.8b (3.1.8b)
)) (/usr/share/texlive/texmf-dist/tex/latex/pgf/utilities/pgffor.sty (/usr/share/texlive/texmf-dist/tex/latex/pgf/utilities/pgfkeys.sty (/usr/share/texlive/texmf-dist/tex/generic/pgf/utilities/pgfkeys.code.tex)) (/usr/share/texlive/texmf-dist/tex/latex/pgf/math/pgfmath.sty (/usr/share/texlive/texmf-dist/tex/generic/pgf/math/pgfmath.code.tex)) (/usr/share/texlive/texmf-dist/tex/generic/pgf/utilities/pgffor.code.tex
Package: pgffor 2020/12/27 v3.1.8b (3.1.8b)
 (/usr/share/texlive/texmf-dist/tex/generic/pgf/math/pgfmath.code.tex)
\pgffor@iter=\dimen302
\pgffor@skip=\dimen303
\pgffor@stack=\toks36
\pgffor@toks=\toks37
)) (/usr/share/texlive/texmf-dist/tex/generic/pgf/frontendlayer/tikz/tikz.code.tex
Package: tikz 2020/12/27 v3.1.8b (3.1.8b)
 (/usr/share/texlive/texmf-dist/tex/generic/pgf/libraries/pgflibraryplothandlers.code.tex
File: pgflibraryplothandlers.code.tex 2020/12/27 v3.1.8b (3.1.8b)
\pgf@plot@mark@count=\count330
\pgfplotmarksize=\dimen304
)
\tikz@lastx=\dimen305
\tikz@lasty=\dimen306
\tikz@lastxsaved=\dimen307
\tikz@lastysaved=\dimen308
\tikz@lastmovetox=\dimen309
\tikz@lastmovetoy=\dimen310
\tikzleveldistance=\dimen311
\tikzsiblingdistance=\dimen312
\tikz@figbox=\box68
\tikz@figbox@bg=\box69
\tikz@tempbox=\box70
\tikz@tempbox@bg=\box71
\tikztreelevel=\count331
\tikznumberofchildren=\count332
\tikznumberofcurrentchild=\count333
\tikz@fig@count=\count334
 (/usr/share/texlive/texmf-dist/tex/generic/pgf/modules/pgfmodulematrix.code.tex
File: pgfmodulematrix.code.tex 2020/12/27 v3.1.8b (3.1.8b)
\pgfmatrixcurrentrow=\count335
\pgfmatrixcurrentcolumn=\count336
\pgf@matrix@numberofcolumns=\count337
)
\tikz@expandcount=\count338
 (/usr/share/texlive/texmf-dist/tex/generic/pgf/frontendlayer/tikz/libraries/tikzlibrarytopaths.code.tex
File: tikzlibrarytopaths.code.tex 2020/12/27 v3.1.8b (3.1.8b)
))) (/usr/share/texlive/texmf-dist/tex/generic/pgf/frontendlayer/tikz/libraries/tikzlibrarypositioning.code.tex
File: tikzlibrarypositioning.code.tex 2020/12/27 v3.1.8b (3.1.8b)
) (/usr/share/texlive/texmf-dist/tex/generic/pgf/frontendlayer/tikz/libraries/tikzlibraryshadows.code.tex
File: tikzlibraryshadows.code.tex 2020/12/27 v3.1.8b (3.1.8b)
 (/usr/share/texlive/texmf-dist/tex/generic/pgf/frontendlayer/tikz/libraries/tikzlibraryfadings.code.tex
File: tikzlibraryfadings.code.tex 2020/12/27 v3.1.8b (3.1.8b)
 (/usr/share/texlive/texmf-dist/tex/generic/pgf/libraries/pgflibraryfadings.code.tex
File: pgflibraryfadings.code.tex 2020/12/27 v3.1.8b (3.1.8b)
)))
\c@@todonotes@numberoftodonotes=\count339
) (/usr/share/texlive/texmf-dist/tex/latex/lineno/lineno.sty
Package: lineno 2005/11/02 line numbers on paragraphs v4.41
\linenopenalty=\count340
\output=\toks38
\linenoprevgraf=\count341
\linenumbersep=\dimen313
\linenumberwidth=\dimen314
\c@linenumber=\count342
\c@pagewiselinenumber=\count343
\c@LN@truepage=\count344
\c@internallinenumber=\count345
\c@internallinenumbers=\count346
\quotelinenumbersep=\dimen315
\bframerule=\dimen316
\bframesep=\dimen317
\bframebox=\box72
LaTeX Info: Redefining \\ on input line 3056.
)
LaTeX Font Info:    Trying to load font information for OT1+LinuxLibertineT-TLF on input line 80.
 (/usr/share/texlive/texmf-dist/tex/latex/libertine/OT1LinuxLibertineT-TLF.fd
File: OT1LinuxLibertineT-TLF.fd 2017/03/20 (autoinst) Font definitions for OT1/LinuxLibertineT-TLF.
)
LaTeX Font Info:    Font shape `OT1/LinuxLibertineT-TLF/m/n' will be
(Font)              scaled to size 10.95pt on input line 80.
 (/home/fneum/bwss/papers/broad-ranges/paper/broad-ranges.aux)
\openout1 = `broad-ranges.aux'.

LaTeX Font Info:    Checking defaults for OML/cmm/m/it on input line 80.
LaTeX Font Info:    ... okay on input line 80.
LaTeX Font Info:    Checking defaults for OMS/cmsy/m/n on input line 80.
LaTeX Font Info:    ... okay on input line 80.
LaTeX Font Info:    Checking defaults for OT1/cmr/m/n on input line 80.
LaTeX Font Info:    ... okay on input line 80.
LaTeX Font Info:    Checking defaults for T1/cmr/m/n on input line 80.
LaTeX Font Info:    ... okay on input line 80.
LaTeX Font Info:    Checking defaults for TS1/cmr/m/n on input line 80.
LaTeX Font Info:    ... okay on input line 80.
LaTeX Font Info:    Checking defaults for OMX/cmex/m/n on input line 80.
LaTeX Font Info:    ... okay on input line 80.
LaTeX Font Info:    Checking defaults for U/cmr/m/n on input line 80.
LaTeX Font Info:    ... okay on input line 80.
LaTeX Font Info:    Checking defaults for LS1/libertinust1math/m/n on input line 80.
LaTeX Font Info:    Trying to load font information for LS1+libertinust1math on input line 80.
 (/usr/share/texlive/texmf-dist/tex/latex/libertinust1math/ls1libertinust1math.fd
File: ls1libertinust1math.fd 2016/03/23 Fontinst v1.933 font definitions for LS1/libertinust1math.
)
LaTeX Font Info:    ... okay on input line 80.
LaTeX Font Info:    Checking defaults for LS2/libertinust1mathsym/m/n on input line 80.
LaTeX Font Info:    Trying to load font information for LS2+libertinust1mathsym on input line 80.
 (/usr/share/texlive/texmf-dist/tex/latex/libertinust1math/ls2libertinust1mathsym.fd
File: ls2libertinust1mathsym.fd 2015/04/17 v1.1.2-latex LibertinusT1Mathsym LS2 font definitions
)
LaTeX Font Info:    ... okay on input line 80.
LaTeX Font Info:    Checking defaults for PD1/pdf/m/n on input line 80.
LaTeX Font Info:    ... okay on input line 80.
 (/usr/share/texlive/texmf-dist/tex/context/base/mkii/supp-pdf.mkii
[Loading MPS to PDF converter (version 2006.09.02).]
\scratchcounter=\count347
\scratchdimen=\dimen318
\scratchbox=\box73
\nofMPsegments=\count348
\nofMParguments=\count349
\everyMPshowfont=\toks39
\MPscratchCnt=\count350
\MPscratchDim=\dimen319
\MPnumerator=\count351
\makeMPintoPDFobject=\count352
\everyMPtoPDFconversion=\toks40
)
*geometry* driver: auto-detecting
*geometry* detected driver: pdftex
*geometry* verbose mode - [ preamble ] result:
* driver: pdftex
* paper: custom
* layout: <same size as paper>
* layoutoffset:(h,v)=(0.0pt,0.0pt)
* hratio: 1:1
* vratio: 1:1
* modes:
* h-part:(L,W,R)=(106.75394pt, 384.0pt, 106.75394pt)
* v-part:(T,H,B)=(141.52342pt, 562.0pt, 141.52342pt)
* \paperwidth=597.50787pt
* \paperheight=845.04684pt
* \textwidth=384.0pt
* \textheight=562.0pt
* \oddsidemargin=34.48395pt
* \evensidemargin=34.48395pt
* \topmargin=7.25343pt
* \headheight=50.0pt
* \headsep=12.0pt
* \topskip=11.0pt
* \footskip=12.0pt
* \marginparwidth=59.0pt
* \marginparsep=10.0pt
* \columnsep=10.0pt
* \skip\footins=24.0pt plus 2.0pt minus 12.0pt
* \hoffset=0.0pt
* \voffset=0.0pt
* \mag=1000
* \@twocolumnfalse
* \@twosidefalse
* \@mparswitchfalse
* \@reversemarginfalse
* (1in=72.27pt=25.4mm, 1cm=28.453pt)

\c@mv@tabular=\count353
\c@mv@boldtabular=\count354
Package hyperref Info: Link coloring ON on input line 80.
(/usr/share/texlive/texmf-dist/tex/latex/hyperref/nameref.sty
Package: nameref 2019/09/16 v2.46 Cross-referencing by name of section
 (/usr/share/texlive/texmf-dist/tex/latex/refcount/refcount.sty
Package: refcount 2019/12/15 v3.6 Data extraction from label references (HO)
) (/usr/share/texlive/texmf-dist/tex/generic/gettitlestring/gettitlestring.sty
Package: gettitlestring 2019/12/15 v1.6 Cleanup title references (HO)
)
\c@section@level=\count355
)
LaTeX Info: Redefining \ref on input line 80.
LaTeX Info: Redefining \pageref on input line 80.
LaTeX Info: Redefining \nameref on input line 80.
 (/home/fneum/bwss/papers/broad-ranges/paper/broad-ranges.out) (/home/fneum/bwss/papers/broad-ranges/paper/broad-ranges.out)
\@outlinefile=\write5
\openout5 = `broad-ranges.out'.

 (/usr/share/texlive/texmf-dist/tex/latex/ragged2e/ragged2e.sty
Package: ragged2e 2019/07/28 v2.2 ragged2e Package (MS)
 (/usr/share/texlive/texmf-dist/tex/latex/everysel/everysel.sty
Package: everysel 2021/01/20 v2.1 EverySelectfont Package (MS)
 (/usr/share/texlive/texmf-dist/tex/latex/everysel/everysel-2011-10-28.sty ABD: EverySelectfont initializing macros
LaTeX Info: Redefining \selectfont on input line 123.
))
\CenteringLeftskip=\skip62
\RaggedLeftLeftskip=\skip63
\RaggedRightLeftskip=\skip64
\CenteringRightskip=\skip65
\RaggedLeftRightskip=\skip66
\RaggedRightRightskip=\skip67
\CenteringParfillskip=\skip68
\RaggedLeftParfillskip=\skip69
\RaggedRightParfillskip=\skip70
\JustifyingParfillskip=\skip71
\CenteringParindent=\skip72
\RaggedLeftParindent=\skip73
\RaggedRightParindent=\skip74
\JustifyingParindent=\skip75
)
Package caption Info: Begin \AtBeginDocument code.
Package caption Info: End \AtBeginDocument code.
LaTeX Font Info:    Font shape `OT1/LinuxLibertineT-TLF/b/n' will be
(Font)              scaled to size 10.95pt on input line 94.
 (/home/fneum/bwss/papers/broad-ranges/paper/sections/abstract.tex
LaTeX Font Info:    Font shape `LS1/libertinust1math/m/n' will be
(Font)              scaled to size 10.95pt on input line 3.
LaTeX Font Info:    Font shape `LS1/libertinust1math/m/n' will be
(Font)              scaled to size 8.0pt on input line 3.
LaTeX Font Info:    Font shape `LS1/libertinust1math/m/n' will be
(Font)              scaled to size 6.0pt on input line 3.
LaTeX Font Info:    Font shape `LS1/libertinust1math/m/it' will be
(Font)              scaled to size 10.95pt on input line 3.
LaTeX Font Info:    Font shape `LS1/libertinust1math/m/it' will be
(Font)              scaled to size 8.0pt on input line 3.
LaTeX Font Info:    Font shape `LS1/libertinust1math/m/it' will be
(Font)              scaled to size 6.0pt on input line 3.
LaTeX Font Info:    Font shape `LS2/libertinust1mathsym/m/n' will be
(Font)              scaled to size 10.95pt on input line 3.
LaTeX Font Info:    Font shape `LS2/libertinust1mathsym/m/n' will be
(Font)              scaled to size 8.0pt on input line 3.
LaTeX Font Info:    Font shape `LS2/libertinust1mathsym/m/n' will be
(Font)              scaled to size 6.0pt on input line 3.
LaTeX Font Info:    Trying to load font information for LS2+libertinust1mathex on input line 3.
 (/usr/share/texlive/texmf-dist/tex/latex/libertinust1math/ls2libertinust1mathex.fd
File: ls2libertinust1mathex.fd 2016/03/15 v1.0.0-latex LibertinusMath extensions LS2 font definitions
)
LaTeX Font Info:    Font shape `LS2/libertinust1mathex/m/n' will be
(Font)              scaled to size 10.95pt on input line 3.
LaTeX Font Info:    Font shape `LS2/libertinust1mathex/m/n' will be
(Font)              scaled to size 8.0pt on input line 3.
LaTeX Font Info:    Font shape `LS2/libertinust1mathex/m/n' will be
(Font)              scaled to size 6.0pt on input line 3.
LaTeX Font Info:    Trying to load font information for LS1+libertinust1mathbb on input line 3.
 (/usr/share/texlive/texmf-dist/tex/latex/libertinust1math/ls1libertinust1mathbb.fd
File: ls1libertinust1mathbb.fd 2016/08/22 latex LibertinusT1Mathbb LS1 font definitions
)
LaTeX Font Info:    Font shape `LS1/libertinust1mathbb/m/n' will be
(Font)              scaled to size 10.95pt on input line 3.
LaTeX Font Info:    Font shape `LS1/libertinust1mathbb/m/n' will be
(Font)              scaled to size 8.0pt on input line 3.
LaTeX Font Info:    Font shape `LS1/libertinust1mathbb/m/n' will be
(Font)              scaled to size 6.0pt on input line 3.
LaTeX Font Info:    Font shape `LS1/libertinust1math/b/n' will be
(Font)              scaled to size 10.95pt on input line 3.
LaTeX Font Info:    Font shape `LS1/libertinust1math/b/n' will be
(Font)              scaled to size 8.0pt on input line 3.
LaTeX Font Info:    Font shape `LS1/libertinust1math/b/n' will be
(Font)              scaled to size 6.0pt on input line 3.
LaTeX Font Info:    Font shape `LS1/libertinust1math/b/it' will be
(Font)              scaled to size 10.95pt on input line 3.
LaTeX Font Info:    Font shape `LS1/libertinust1math/b/it' will be
(Font)              scaled to size 8.0pt on input line 3.
LaTeX Font Info:    Font shape `LS1/libertinust1math/b/it' will be
(Font)              scaled to size 6.0pt on input line 3.
)
LaTeX Font Info:    Font shape `OT1/LinuxLibertineT-TLF/m/it' will be
(Font)              scaled to size 10.95pt on input line 98.
LaTeX Font Info:    Font shape `OT1/LinuxLibertineT-TLF/m/n' will be
(Font)              scaled to size 14.4pt on input line 102.
LaTeX Font Info:    Font shape `OT1/LinuxLibertineT-TLF/m/n' will be
(Font)              scaled to size 8.0pt on input line 102.
LaTeX Font Info:    Font shape `LS1/libertinust1math/m/n' will be
(Font)              scaled to size 5.0pt on input line 102.
LaTeX Font Info:    Font shape `LS1/libertinust1math/m/it' will be
(Font)              scaled to size 5.0pt on input line 102.
LaTeX Font Info:    Font shape `LS2/libertinust1mathsym/m/n' will be
(Font)              scaled to size 5.0pt on input line 102.
LaTeX Font Info:    Font shape `LS2/libertinust1mathex/m/n' will be
(Font)              scaled to size 5.0pt on input line 102.
LaTeX Font Info:    Font shape `LS1/libertinust1mathbb/m/n' will be
(Font)              scaled to size 5.0pt on input line 102.
LaTeX Font Info:    Font shape `LS1/libertinust1math/b/n' will be
(Font)              scaled to size 5.0pt on input line 102.
LaTeX Font Info:    Font shape `LS1/libertinust1math/b/it' will be
(Font)              scaled to size 5.0pt on input line 102.
LaTeX Font Info:    Font shape `OT1/LinuxLibertineT-TLF/m/n' will be
(Font)              scaled to size 9.0pt on input line 102.
LaTeX Font Info:    Font shape `OT1/LinuxLibertineT-TLF/m/it' will be
(Font)              scaled to size 9.0pt on input line 102.
LaTeX Font Info:    Font shape `LS1/libertinust1math/m/n' will be
(Font)              scaled to size 9.0pt on input line 102.
LaTeX Font Info:    Font shape `LS1/libertinust1math/m/it' will be
(Font)              scaled to size 9.0pt on input line 102.
LaTeX Font Info:    Font shape `LS2/libertinust1mathsym/m/n' will be
(Font)              scaled to size 9.0pt on input line 102.
LaTeX Font Info:    Font shape `LS2/libertinust1mathex/m/n' will be
(Font)              scaled to size 9.0pt on input line 102.
LaTeX Font Info:    Font shape `LS1/libertinust1mathbb/m/n' will be
(Font)              scaled to size 9.0pt on input line 102.
LaTeX Font Info:    Font shape `LS1/libertinust1math/b/n' will be
(Font)              scaled to size 9.0pt on input line 102.
LaTeX Font Info:    Font shape `LS1/libertinust1math/b/it' will be
(Font)              scaled to size 9.0pt on input line 102.
LaTeX Font Info:    Font shape `OT1/LinuxLibertineT-TLF/m/it' will be
(Font)              scaled to size 6.0pt on input line 102.
LaTeX Font Info:    Font shape `OT1/LinuxLibertineT-TLF/m/n' will be
(Font)              scaled to size 6.0pt on input line 102.
LaTeX Font Info:    Trying to load font information for OT1+LinuxLibertineMonoT-TLF on input line 102.
 (/usr/share/texlive/texmf-dist/tex/latex/libertine/OT1LinuxLibertineMonoT-TLF.fd
File: OT1LinuxLibertineMonoT-TLF.fd 2019/05/20 (autoinst) Font definitions for OT1/LinuxLibertineMonoT-TLF.
)
LaTeX Font Info:    Font shape `OT1/LinuxLibertineMonoT-TLF/m/n' in size <9> not available
(Font)              Font shape `OT1/LinuxLibertineMonoT-TLF/regular/n' tried instead on input line 102.
LaTeX Font Info:    Font shape `OT1/LinuxLibertineMonoT-TLF/regular/n' will be
(Font)              scaled to size 9.0pt on input line 102.

Overfull \hbox (1.82536pt too wide) has occurred while \output is active
[]
 []


Package hyperref Warning: Token not allowed in a PDF string (PDFDocEncoding):
(hyperref)                removing `\<def>-command' on input line 115.


Package hyperref Warning: Token not allowed in a PDF string (PDFDocEncoding):
(hyperref)                removing `\cnotenum' on input line 115.


Package hyperref Warning: Token not allowed in a PDF string (PDFDocEncoding):
(hyperref)                removing `\<def>-command' on input line 115.


Package hyperref Warning: Token not allowed in a PDF string (PDFDocEncoding):
(hyperref)                removing `\@corref' on input line 115.

[1

{/var/lib/texmf/fonts/map/pdftex/updmap/pdftex.map}] (/home/fneum/bwss/papers/broad-ranges/paper/sections/introduction.tex
LaTeX Font Info:    Trying to load font information for OT1+LinuxBiolinumT-TLF on input line 16.
 (/usr/share/texlive/texmf-dist/tex/latex/libertine/OT1LinuxBiolinumT-TLF.fd
File: OT1LinuxBiolinumT-TLF.fd 2017/03/20 (autoinst) Font definitions for OT1/LinuxBiolinumT-TLF.
)
LaTeX Font Info:    Font shape `OT1/LinuxBiolinumT-TLF/m/n' will be
(Font)              scaled to size 6.0pt on input line 16.
 [2]) (/home/fneum/bwss/papers/broad-ranges/paper/sections/results.tex
<../notebooks/2021-11-graphics//violins/violin-capacities-high-prediction.pdf, id=161, 515.88179pt x 231.5346pt>
File: ../notebooks/2021-11-graphics//violins/violin-capacities-high-prediction.pdf Graphic file (type pdf)
<use ../notebooks/2021-11-graphics//violins/violin-capacities-high-prediction.pdf>
Package pdftex.def Info: ../notebooks/2021-11-graphics//violins/violin-capacities-high-prediction.pdf  used on input line 5.
(pdftex.def)             Requested size: 364.79883pt x 163.72653pt.
 [3]
<../notebooks/2021-11-graphics//1D/1D-onwind-onwind-high.pdf, id=169, 229.94086pt x 220.14151pt>
File: ../notebooks/2021-11-graphics//1D/1D-onwind-onwind-high.pdf Graphic file (type pdf)
<use ../notebooks/2021-11-graphics//1D/1D-onwind-onwind-high.pdf>
Package pdftex.def Info: ../notebooks/2021-11-graphics//1D/1D-onwind-onwind-high.pdf  used on input line 47.
(pdftex.def)             Requested size: 122.88281pt x 117.6452pt.
<../notebooks/2021-11-graphics//1D/1D-offwind-offwind-high.pdf, id=170, 222.36513pt x 220.14151pt>
File: ../notebooks/2021-11-graphics//1D/1D-offwind-offwind-high.pdf Graphic file (type pdf)
<use ../notebooks/2021-11-graphics//1D/1D-offwind-offwind-high.pdf>
Package pdftex.def Info: ../notebooks/2021-11-graphics//1D/1D-offwind-offwind-high.pdf  used on input line 51.
(pdftex.def)             Requested size: 122.88281pt x 121.65596pt.
<../notebooks/2021-11-graphics//1D/1D-solar-solar-high.pdf, id=171, 222.36513pt x 220.14151pt>
File: ../notebooks/2021-11-graphics//1D/1D-solar-solar-high.pdf Graphic file (type pdf)
<use ../notebooks/2021-11-graphics//1D/1D-solar-solar-high.pdf>
Package pdftex.def Info: ../notebooks/2021-11-graphics//1D/1D-solar-solar-high.pdf  used on input line 55.
(pdftex.def)             Requested size: 122.88281pt x 121.65596pt.
<../notebooks/2021-11-graphics//1D/1D-battery-battery-high.pdf, id=172, 216.73473pt x 220.14151pt>
File: ../notebooks/2021-11-graphics//1D/1D-battery-battery-high.pdf Graphic file (type pdf)
<use ../notebooks/2021-11-graphics//1D/1D-battery-battery-high.pdf>
Package pdftex.def Info: ../notebooks/2021-11-graphics//1D/1D-battery-battery-high.pdf  used on input line 59.
(pdftex.def)             Requested size: 122.88281pt x 124.81685pt.
<../notebooks/2021-11-graphics//1D/1D-H2-H2-high.pdf, id=173, 220.1534pt x 220.17288pt>
File: ../notebooks/2021-11-graphics//1D/1D-H2-H2-high.pdf Graphic file (type pdf)
<use ../notebooks/2021-11-graphics//1D/1D-H2-H2-high.pdf>
Package pdftex.def Info: ../notebooks/2021-11-graphics//1D/1D-H2-H2-high.pdf  used on input line 63.
(pdftex.def)             Requested size: 122.88281pt x 122.8928pt.
<../notebooks/2021-11-graphics//1D/1D-transmission-H2-high.pdf, id=174, 220.12202pt x 220.17288pt>
File: ../notebooks/2021-11-graphics//1D/1D-transmission-H2-high.pdf Graphic file (type pdf)
<use ../notebooks/2021-11-graphics//1D/1D-transmission-H2-high.pdf>
Package pdftex.def Info: ../notebooks/2021-11-graphics//1D/1D-transmission-H2-high.pdf  used on input line 67.
(pdftex.def)             Requested size: 122.88281pt x 122.91296pt.
<../notebooks/2021-11-graphics//sobol/sobol-m-high.pdf, id=175, 340.57552pt x 256.56163pt>
File: ../notebooks/2021-11-graphics//sobol/sobol-m-high.pdf Graphic file (type pdf)
<use ../notebooks/2021-11-graphics//sobol/sobol-m-high.pdf>
Package pdftex.def Info: ../notebooks/2021-11-graphics//sobol/sobol-m-high.pdf  used on input line 83.
(pdftex.def)             Requested size: 172.79883pt x 130.17526pt.
<../notebooks/2021-11-graphics//sobol/sobol-t-high-bar.pdf, id=176, 403.27374pt x 208.14542pt>
File: ../notebooks/2021-11-graphics//sobol/sobol-t-high-bar.pdf Graphic file (type pdf)
<use ../notebooks/2021-11-graphics//sobol/sobol-t-high-bar.pdf>
Package pdftex.def Info: ../notebooks/2021-11-graphics//sobol/sobol-t-high-bar.pdf  used on input line 88.
(pdftex.def)             Requested size: 207.35742pt x 107.02615pt.
 [4 </home/fneum/bwss/papers/broad-ranges/paper/../notebooks/2021-11-graphics//violins/violin-capacities-high-prediction.pdf>] [5 </home/fneum/bwss/papers/broad-ranges/paper/../notebooks/2021-11-graphics//1D/1D-onwind-onwind-high.pdf> </home/fneum/bwss/papers/broad-ranges/paper/../notebooks/2021-11-graphics//1D/1D-offwind-offwind-high.pdf> </home/fneum/bwss/papers/broad-ranges/paper/../notebooks/2021-11-graphics//1D/1D-solar-solar-high.pdf> </home/fneum/bwss/papers/broad-ranges/paper/../notebooks/2021-11-graphics//1D/1D-battery-battery-high.pdf> </home/fneum/bwss/papers/broad-ranges/paper/../notebooks/2021-11-graphics//1D/1D-H2-H2-high.pdf> </home/fneum/bwss/papers/broad-ranges/paper/../notebooks/2021-11-graphics//1D/1D-transmission-H2-high.pdf> </home/fneum/bwss/papers/broad-ranges/paper/../notebooks/2021-11-graphics//sobol/sobol-m-high.pdf> </home/fneum/bwss/papers/broad-ranges/paper/../notebooks/2021-11-graphics//sobol/sobol-t-high-bar.pdf

pdfTeX warning: pdflatex (file /home/fneum/bwss/papers/broad-ranges/paper/../notebooks/2021-11-graphics//sobol/sobol-t-high-bar.pdf): PDF inclusion: multiple pdfs with page group included in a single page
>] [6]
<../notebooks/2021-11-graphics//neardensity/surr-high-wind.pdf, id=558, 308.35513pt x 280.16795pt>
File: ../notebooks/2021-11-graphics//neardensity/surr-high-wind.pdf Graphic file (type pdf)
<use ../notebooks/2021-11-graphics//neardensity/surr-high-wind.pdf>
Package pdftex.def Info: ../notebooks/2021-11-graphics//neardensity/surr-high-wind.pdf  used on input line 202.
(pdftex.def)             Requested size: 172.79883pt x 157.00839pt.
<../notebooks/2021-11-graphics//neardensity/surr-high-onwind.pdf, id=559, 308.35513pt x 280.16795pt>
File: ../notebooks/2021-11-graphics//neardensity/surr-high-onwind.pdf Graphic file (type pdf)
<use ../notebooks/2021-11-graphics//neardensity/surr-high-onwind.pdf>
Package pdftex.def Info: ../notebooks/2021-11-graphics//neardensity/surr-high-onwind.pdf  used on input line 202.
(pdftex.def)             Requested size: 172.79883pt x 157.00839pt.
<../notebooks/2021-11-graphics//neardensity/surr-high-offwind.pdf, id=560, 308.35513pt x 280.16795pt>
File: ../notebooks/2021-11-graphics//neardensity/surr-high-offwind.pdf Graphic file (type pdf)
<use ../notebooks/2021-11-graphics//neardensity/surr-high-offwind.pdf>
Package pdftex.def Info: ../notebooks/2021-11-graphics//neardensity/surr-high-offwind.pdf  used on input line 202.
(pdftex.def)             Requested size: 172.79883pt x 157.00839pt.
<../notebooks/2021-11-graphics//neardensity/surr-high-solar.pdf, id=561, 308.35513pt x 280.16795pt>
File: ../notebooks/2021-11-graphics//neardensity/surr-high-solar.pdf Graphic file (type pdf)
<use ../notebooks/2021-11-graphics//neardensity/surr-high-solar.pdf>
Package pdftex.def Info: ../notebooks/2021-11-graphics//neardensity/surr-high-solar.pdf  used on input line 214.
(pdftex.def)             Requested size: 172.79883pt x 157.00839pt.
<../notebooks/2021-11-graphics//neardensity/surr-high-transmission.pdf, id=562, 308.35513pt x 280.16795pt>
File: ../notebooks/2021-11-graphics//neardensity/surr-high-transmission.pdf Graphic file (type pdf)
<use ../notebooks/2021-11-graphics//neardensity/surr-high-transmission.pdf>
Package pdftex.def Info: ../notebooks/2021-11-graphics//neardensity/surr-high-transmission.pdf  used on input line 214.
(pdftex.def)             Requested size: 172.79883pt x 157.00839pt.
<../notebooks/2021-11-graphics//neardensity/surr-low-H2.pdf, id=563, 302.69336pt x 280.16795pt>
File: ../notebooks/2021-11-graphics//neardensity/surr-low-H2.pdf Graphic file (type pdf)
<use ../notebooks/2021-11-graphics//neardensity/surr-low-H2.pdf>
Package pdftex.def Info: ../notebooks/2021-11-graphics//neardensity/surr-low-H2.pdf  used on input line 226.
(pdftex.def)             Requested size: 172.79883pt x 159.94106pt.
<../notebooks/2021-11-graphics//neardensity/surr-low-battery.pdf, id=564, 302.69336pt x 280.1209pt>
File: ../notebooks/2021-11-graphics//neardensity/surr-low-battery.pdf Graphic file (type pdf)
<use ../notebooks/2021-11-graphics//neardensity/surr-low-battery.pdf>
Package pdftex.def Info: ../notebooks/2021-11-graphics//neardensity/surr-low-battery.pdf  used on input line 226.
(pdftex.def)             Requested size: 172.79883pt x 159.9142pt.
 [7] [8 </home/fneum/bwss/papers/broad-ranges/paper/../notebooks/2021-11-graphics//neardensity/surr-high-wind.pdf> </home/fneum/bwss/papers/broad-ranges/paper/../notebooks/2021-11-graphics//neardensity/surr-high-onwind.pdf

pdfTeX warning: pdflatex (file /home/fneum/bwss/papers/broad-ranges/paper/../notebooks/2021-11-graphics//neardensity/surr-high-onwind.pdf): PDF inclusion: multiple pdfs with page group included in a single page
> </home/fneum/bwss/papers/broad-ranges/paper/../notebooks/2021-11-graphics//neardensity/surr-high-offwind.pdf

pdfTeX warning: pdflatex (file /home/fneum/bwss/papers/broad-ranges/paper/../notebooks/2021-11-graphics//neardensity/surr-high-offwind.pdf): PDF inclusion: multiple pdfs with page group included in a single page
> </home/fneum/bwss/papers/broad-ranges/paper/../notebooks/2021-11-graphics//neardensity/surr-high-solar.pdf

pdfTeX warning: pdflatex (file /home/fneum/bwss/papers/broad-ranges/paper/../notebooks/2021-11-graphics//neardensity/surr-high-solar.pdf): PDF inclusion: multiple pdfs with page group included in a single page
> </home/fneum/bwss/papers/broad-ranges/paper/../notebooks/2021-11-graphics//neardensity/surr-high-transmission.pdf

pdfTeX warning: pdflatex (file /home/fneum/bwss/papers/broad-ranges/paper/../notebooks/2021-11-graphics//neardensity/surr-high-transmission.pdf): PDF inclusion: multiple pdfs with page group included in a single page
> </home/fneum/bwss/papers/broad-ranges/paper/../notebooks/2021-11-graphics//neardensity/surr-low-H2.pdf

pdfTeX warning: pdflatex (file /home/fneum/bwss/papers/broad-ranges/paper/../notebooks/2021-11-graphics//neardensity/surr-low-H2.pdf): PDF inclusion: multiple pdfs with page group included in a single page
> </home/fneum/bwss/papers/broad-ranges/paper/../notebooks/2021-11-graphics//neardensity/surr-low-battery.pdf

pdfTeX warning: pdflatex (file /home/fneum/bwss/papers/broad-ranges/paper/../notebooks/2021-11-graphics//neardensity/surr-low-battery.pdf): PDF inclusion: multiple pdfs with page group included in a single page
>]
Overfull \hbox (5.76038pt too wide) in paragraph at lines 273--273
[][]\OT1/LinuxLibertineT-TLF/b/n/10.95 Probabilistic Near-Optimal Fea-si-ble Space in Two Tech-nol-ogy Di-men-sions
 []

<../notebooks/2021-11-graphics//dependency/2D_surr-low-wind-solar.pdf, id=870, 308.35513pt x 285.96758pt>
File: ../notebooks/2021-11-graphics//dependency/2D_surr-low-wind-solar.pdf Graphic file (type pdf)
<use ../notebooks/2021-11-graphics//dependency/2D_surr-low-wind-solar.pdf>
Package pdftex.def Info: ../notebooks/2021-11-graphics//dependency/2D_surr-low-wind-solar.pdf  used on input line 295.
(pdftex.def)             Requested size: 172.79883pt x 160.25854pt.
<../notebooks/2021-11-graphics//dependency/2D_surr-low-offwind-onwind.pdf, id=871, 308.35513pt x 285.96758pt>
File: ../notebooks/2021-11-graphics//dependency/2D_surr-low-offwind-onwind.pdf Graphic file (type pdf)
<use ../notebooks/2021-11-graphics//dependency/2D_surr-low-offwind-onwind.pdf>
Package pdftex.def Info: ../notebooks/2021-11-graphics//dependency/2D_surr-low-offwind-onwind.pdf  used on input line 295.
(pdftex.def)             Requested size: 172.79883pt x 160.25854pt.
<../notebooks/2021-11-graphics//dependency/2D_surr-low-H2-battery.pdf, id=872, 302.69336pt x 284.03111pt>
File: ../notebooks/2021-11-graphics//dependency/2D_surr-low-H2-battery.pdf Graphic file (type pdf)
<use ../notebooks/2021-11-graphics//dependency/2D_surr-low-H2-battery.pdf>
Package pdftex.def Info: ../notebooks/2021-11-graphics//dependency/2D_surr-low-H2-battery.pdf  used on input line 295.
(pdftex.def)             Requested size: 172.79883pt x 162.14644pt.
<../notebooks/2021-11-graphics//violins/violin-capacities-high-prediction-min-onwind-0.08.pdf, id=873, 515.88179pt x 231.5346pt>
File: ../notebooks/2021-11-graphics//violins/violin-capacities-high-prediction-min-onwind-0.08.pdf Graphic file (type pdf)
<use ../notebooks/2021-11-graphics//violins/violin-capacities-high-prediction-min-onwind-0.08.pdf>
Package pdftex.def Info: ../notebooks/2021-11-graphics//violins/violin-capacities-high-prediction-min-onwind-0.08.pdf  used on input line 311.
(pdftex.def)             Requested size: 249.59766pt x 121.29576pt.
<../notebooks/2021-11-graphics//violins/violin-capacities-high-prediction-min-transmission-0.08.pdf, id=875, 515.88179pt x 231.5346pt>
File: ../notebooks/2021-11-graphics//violins/violin-capacities-high-prediction-min-transmission-0.08.pdf Graphic file (type pdf)
<use ../notebooks/2021-11-graphics//violins/violin-capacities-high-prediction-min-transmission-0.08.pdf>
Package pdftex.def Info: ../notebooks/2021-11-graphics//violins/violin-capacities-high-prediction-min-transmission-0.08.pdf  used on input line 311.
(pdftex.def)             Requested size: 249.59766pt x 121.29576pt.
[9] [10 </home/fneum/bwss/papers/broad-ranges/paper/../notebooks/2021-11-graphics//violins/violin-capacities-high-prediction-min-onwind-0.08.pdf> </home/fneum/bwss/papers/broad-ranges/paper/../notebooks/2021-11-graphics//violins/violin-capacities-high-prediction-min-transmission-0.08.pdf> </home/fneum/bwss/papers/broad-ranges/paper/../notebooks/2021-11-graphics//dependency/2D_surr-low-wind-solar.pdf

pdfTeX warning: pdflatex (file /home/fneum/bwss/papers/broad-ranges/paper/../notebooks/2021-11-graphics//dependency/2D_surr-low-wind-solar.pdf): PDF inclusion: multiple pdfs with page group included in a single page
> </home/fneum/bwss/papers/broad-ranges/paper/../notebooks/2021-11-graphics//dependency/2D_surr-low-offwind-onwind.pdf

pdfTeX warning: pdflatex (file /home/fneum/bwss/papers/broad-ranges/paper/../notebooks/2021-11-graphics//dependency/2D_surr-low-offwind-onwind.pdf): PDF inclusion: multiple pdfs with page group included in a single page
> </home/fneum/bwss/papers/broad-ranges/paper/../notebooks/2021-11-graphics//dependency/2D_surr-low-H2-battery.pdf

pdfTeX warning: pdflatex (file /home/fneum/bwss/papers/broad-ranges/paper/../notebooks/2021-11-graphics//dependency/2D_surr-low-H2-battery.pdf): PDF inclusion: multiple pdfs with page group included in a single page
>]
Overfull \hbox (0.50116pt too wide) in paragraph at lines 365--365
[][]\OT1/LinuxLibertineT-TLF/b/n/10.95 Capacity Dis-tri-bu-tions at Min-i-mal On-shore Wind and Trans-mis-sion Grid
 []

) (/home/fneum/bwss/papers/broad-ranges/paper/sections/conclusion.tex [11]
Underfull \hbox (badness 10000) in paragraph at lines 31--37

 []

) (/home/fneum/bwss/papers/broad-ranges/paper/sections/methods.tex [12] [13] [14] [15]
<../notebooks/2021-11-graphics//map37.pdf, id=1187, 197.08965pt x 287.27327pt>
File: ../notebooks/2021-11-graphics//map37.pdf Graphic file (type pdf)
<use ../notebooks/2021-11-graphics//map37.pdf>
Package pdftex.def Info: ../notebooks/2021-11-graphics//map37.pdf  used on input line 187.
(pdftex.def)             Requested size: 188.16211pt x 274.27568pt.
<../notebooks/2021-11-graphics//map128.pdf, id=1188, 197.08965pt x 287.27327pt>
File: ../notebooks/2021-11-graphics//map128.pdf Graphic file (type pdf)
<use ../notebooks/2021-11-graphics//map128.pdf>
Package pdftex.def Info: ../notebooks/2021-11-graphics//map128.pdf  used on input line 188.
(pdftex.def)             Requested size: 188.16211pt x 274.27568pt.
<../notebooks/2021-11-graphics//timeseries37.pdf, id=1189, 333.06621pt x 175.95573pt>
File: ../notebooks/2021-11-graphics//timeseries37.pdf Graphic file (type pdf)
<use ../notebooks/2021-11-graphics//timeseries37.pdf>
Package pdftex.def Info: ../notebooks/2021-11-graphics//timeseries37.pdf  used on input line 189.
(pdftex.def)             Requested size: 188.16211pt x 99.40442pt.
<../notebooks/2021-11-graphics//timeseries128.pdf, id=1190, 333.06621pt x 175.95573pt>
File: ../notebooks/2021-11-graphics//timeseries128.pdf Graphic file (type pdf)
<use ../notebooks/2021-11-graphics//timeseries128.pdf>
Package pdftex.def Info: ../notebooks/2021-11-graphics//timeseries128.pdf  used on input line 190.
(pdftex.def)             Requested size: 188.16211pt x 99.40442pt.

Overfull \hbox (16.32425pt too wide) in paragraph at lines 184--195
 [][]
 []

[16] [17 </home/fneum/bwss/papers/broad-ranges/paper/../notebooks/2021-11-graphics//map37.pdf> </home/fneum/bwss/papers/broad-ranges/paper/../notebooks/2021-11-graphics//map128.pdf

pdfTeX warning: pdflatex (file /home/fneum/bwss/papers/broad-ranges/paper/../notebooks/2021-11-graphics//map128.pdf): PDF inclusion: multiple pdfs with page group included in a single page
> </home/fneum/bwss/papers/broad-ranges/paper/../notebooks/2021-11-graphics//timeseries37.pdf

pdfTeX warning: pdflatex (file /home/fneum/bwss/papers/broad-ranges/paper/../notebooks/2021-11-graphics//timeseries37.pdf): PDF inclusion: multiple pdfs with page group included in a single page
> </home/fneum/bwss/papers/broad-ranges/paper/../notebooks/2021-11-graphics//timeseries128.pdf

pdfTeX warning: pdflatex (file /home/fneum/bwss/papers/broad-ranges/paper/../notebooks/2021-11-graphics//timeseries128.pdf): PDF inclusion: multiple pdfs with page group included in a single page
>]
LaTeX Font Info:    Font shape `OT1/LinuxLibertineT-TLF/m/n' will be
(Font)              scaled to size 10.0pt on input line 276.
LaTeX Font Info:    Font shape `LS1/libertinust1math/m/n' will be
(Font)              scaled to size 10.0pt on input line 277.
LaTeX Font Info:    Font shape `LS1/libertinust1math/m/n' will be
(Font)              scaled to size 6.5pt on input line 277.
LaTeX Font Info:    Font shape `LS1/libertinust1math/m/it' will be
(Font)              scaled to size 10.0pt on input line 277.
LaTeX Font Info:    Font shape `LS1/libertinust1math/m/it' will be
(Font)              scaled to size 6.5pt on input line 277.
LaTeX Font Info:    Font shape `LS2/libertinust1mathsym/m/n' will be
(Font)              scaled to size 10.0pt on input line 277.
LaTeX Font Info:    Font shape `LS2/libertinust1mathsym/m/n' will be
(Font)              scaled to size 6.5pt on input line 277.
LaTeX Font Info:    Font shape `LS2/libertinust1mathex/m/n' will be
(Font)              scaled to size 10.0pt on input line 277.
LaTeX Font Info:    Font shape `LS2/libertinust1mathex/m/n' will be
(Font)              scaled to size 6.5pt on input line 277.
LaTeX Font Info:    Font shape `LS1/libertinust1mathbb/m/n' will be
(Font)              scaled to size 10.0pt on input line 277.
LaTeX Font Info:    Font shape `LS1/libertinust1mathbb/m/n' will be
(Font)              scaled to size 6.5pt on input line 277.
LaTeX Font Info:    Font shape `LS1/libertinust1math/b/n' will be
(Font)              scaled to size 10.0pt on input line 277.
LaTeX Font Info:    Font shape `LS1/libertinust1math/b/n' will be
(Font)              scaled to size 6.5pt on input line 277.
LaTeX Font Info:    Font shape `LS1/libertinust1math/b/it' will be
(Font)              scaled to size 10.0pt on input line 277.
LaTeX Font Info:    Font shape `LS1/libertinust1math/b/it' will be
(Font)              scaled to size 6.5pt on input line 277.
 [18] [19]
LaTeX Font Info:    Trying to load font information for LS1+libertinust1mathsf on input line 399.
 (/usr/share/texlive/texmf-dist/tex/latex/libertinust1math/ls1libertinust1mathsf.fd
File: ls1libertinust1mathsf.fd 2017/08/11 Font definitions for LS1/ libertinust1mathsf
)
LaTeX Font Info:    Font shape `LS1/libertinust1mathsf/b/n' will be
(Font)              scaled to size 10.95pt on input line 399.
LaTeX Font Info:    Font shape `LS1/libertinust1mathsf/b/n' will be
(Font)              scaled to size 8.0pt on input line 399.
LaTeX Font Info:    Font shape `LS1/libertinust1mathsf/b/n' will be
(Font)              scaled to size 6.0pt on input line 399.
LaTeX Font Info:    Font shape `LS1/libertinust1mathsf/m/n' will be
(Font)              scaled to size 10.95pt on input line 399.
LaTeX Font Info:    Font shape `LS1/libertinust1mathsf/m/n' will be
(Font)              scaled to size 8.0pt on input line 399.
LaTeX Font Info:    Font shape `LS1/libertinust1mathsf/m/n' will be
(Font)              scaled to size 6.0pt on input line 399.
LaTeX Font Info:    Trying to load font information for U+bbold on input line 409.
 (/usr/share/texlive/texmf-dist/tex/latex/bbold/Ubbold.fd)
Overfull \hbox (2.76884pt too wide) in paragraph at lines 413--414
[]\OT1/LinuxLibertineT-TLF/m/n/10.95 We can rep-re-sent the com-pu-ta-tional model $\LS1/libertinust1math/m/it/10.95 f$ \OT1/LinuxLibertineT-TLF/m/n/10.95 with its poly-no-mial chaos ex-pan-sion
 []

[20] [21] [22]
<../notebooks/2021-11-graphics//error/error-r2-vs-samples-order-3-sklearn.pdf, id=1409, 371.44684pt x 224.16121pt>
File: ../notebooks/2021-11-graphics//error/error-r2-vs-samples-order-3-sklearn.pdf Graphic file (type pdf)
<use ../notebooks/2021-11-graphics//error/error-r2-vs-samples-order-3-sklearn.pdf>
Package pdftex.def Info: ../notebooks/2021-11-graphics//error/error-r2-vs-samples-order-3-sklearn.pdf  used on input line 602.
(pdftex.def)             Requested size: 116.74977pt x 107.51788pt.
<../notebooks/2021-11-graphics//error/error-mape-vs-samples-order-3-sklearn.pdf, id=1411, 368.96883pt x 224.16121pt>
File: ../notebooks/2021-11-graphics//error/error-mape-vs-samples-order-3-sklearn.pdf Graphic file (type pdf)
<use ../notebooks/2021-11-graphics//error/error-mape-vs-samples-order-3-sklearn.pdf>
Package pdftex.def Info: ../notebooks/2021-11-graphics//error/error-mape-vs-samples-order-3-sklearn.pdf  used on input line 602.
(pdftex.def)             Requested size: 115.5612pt x 107.51788pt.
<../notebooks/2021-11-graphics//error/error-mae-vs-samples-order-3-sklearn.pdf, id=1413, 374.6306pt x 224.16121pt>
File: ../notebooks/2021-11-graphics//error/error-mae-vs-samples-order-3-sklearn.pdf Graphic file (type pdf)
<use ../notebooks/2021-11-graphics//error/error-mae-vs-samples-order-3-sklearn.pdf>
Package pdftex.def Info: ../notebooks/2021-11-graphics//error/error-mae-vs-samples-order-3-sklearn.pdf  used on input line 602.
(pdftex.def)             Requested size: 118.27684pt x 107.51788pt.
<../notebooks/2021-11-graphics//error/error-rmse-vs-samples-order-3-sklearn.pdf, id=1415, 374.6306pt x 224.16121pt>
File: ../notebooks/2021-11-graphics//error/error-rmse-vs-samples-order-3-sklearn.pdf Graphic file (type pdf)
<use ../notebooks/2021-11-graphics//error/error-rmse-vs-samples-order-3-sklearn.pdf>
Package pdftex.def Info: ../notebooks/2021-11-graphics//error/error-rmse-vs-samples-order-3-sklearn.pdf  used on input line 602.
(pdftex.def)             Requested size: 179.68916pt x 107.51788pt.
<../notebooks/2021-11-graphics//error/error-r2-vs-order-sklearn.pdf, id=1416, 371.44684pt x 224.16121pt>
File: ../notebooks/2021-11-graphics//error/error-r2-vs-order-sklearn.pdf Graphic file (type pdf)
<use ../notebooks/2021-11-graphics//error/error-r2-vs-order-sklearn.pdf>
Package pdftex.def Info: ../notebooks/2021-11-graphics//error/error-r2-vs-order-sklearn.pdf  used on input line 612.
(pdftex.def)             Requested size: 116.74977pt x 107.51788pt.
<../notebooks/2021-11-graphics//error/error-mape-vs-order-sklearn.pdf, id=1418, 368.96883pt x 224.16121pt>
File: ../notebooks/2021-11-graphics//error/error-mape-vs-order-sklearn.pdf Graphic file (type pdf)
<use ../notebooks/2021-11-graphics//error/error-mape-vs-order-sklearn.pdf>
Package pdftex.def Info: ../notebooks/2021-11-graphics//error/error-mape-vs-order-sklearn.pdf  used on input line 612.
(pdftex.def)             Requested size: 115.5612pt x 107.51788pt.
<../notebooks/2021-11-graphics//error/error-mae-vs-order-sklearn.pdf, id=1420, 374.6306pt x 224.16121pt>
File: ../notebooks/2021-11-graphics//error/error-mae-vs-order-sklearn.pdf Graphic file (type pdf)
<use ../notebooks/2021-11-graphics//error/error-mae-vs-order-sklearn.pdf>
Package pdftex.def Info: ../notebooks/2021-11-graphics//error/error-mae-vs-order-sklearn.pdf  used on input line 612.
(pdftex.def)             Requested size: 118.27684pt x 107.51788pt.
<../notebooks/2021-11-graphics//error/error-rmse-vs-order-sklearn.pdf, id=1422, 374.6306pt x 224.16121pt>
File: ../notebooks/2021-11-graphics//error/error-rmse-vs-order-sklearn.pdf Graphic file (type pdf)
<use ../notebooks/2021-11-graphics//error/error-rmse-vs-order-sklearn.pdf>
Package pdftex.def Info: ../notebooks/2021-11-graphics//error/error-rmse-vs-order-sklearn.pdf  used on input line 612.
(pdftex.def)             Requested size: 179.68916pt x 107.51788pt.
 [23] [24 </home/fneum/bwss/papers/broad-ranges/paper/../notebooks/2021-11-graphics//error/error-r2-vs-samples-order-3-sklearn.pdf> </home/fneum/bwss/papers/broad-ranges/paper/../notebooks/2021-11-graphics//error/error-mape-vs-samples-order-3-sklearn.pdf> </home/fneum/bwss/papers/broad-ranges/paper/../notebooks/2021-11-graphics//error/error-mae-vs-samples-order-3-sklearn.pdf> </home/fneum/bwss/papers/broad-ranges/paper/../notebooks/2021-11-graphics//error/error-r2-vs-order-sklearn.pdf> </home/fneum/bwss/papers/broad-ranges/paper/../notebooks/2021-11-graphics//error/error-mape-vs-order-sklearn.pdf> </home/fneum/bwss/papers/broad-ranges/paper/../notebooks/2021-11-graphics//error/error-mae-vs-order-sklearn.pdf> </home/fneum/bwss/papers/broad-ranges/paper/../notebooks/2021-11-graphics//error/error-rmse-vs-samples-order-3-sklearn.pdf

pdfTeX warning: pdflatex (file /home/fneum/bwss/papers/broad-ranges/paper/../notebooks/2021-11-graphics//error/error-rmse-vs-samples-order-3-sklearn.pdf): PDF inclusion: multiple pdfs with page group included in a single page
> </home/fneum/bwss/papers/broad-ranges/paper/../notebooks/2021-11-graphics//error/error-rmse-vs-order-sklearn.pdf

pdfTeX warning: pdflatex (file /home/fneum/bwss/papers/broad-ranges/paper/../notebooks/2021-11-graphics//error/error-rmse-vs-order-sklearn.pdf): PDF inclusion: multiple pdfs with page group included in a single page
>]) [25]
Overfull \hbox (42.32027pt too wide) in paragraph at lines 149--157
[][]\OT1/LinuxLibertineT-TLF/m/n/10.95 doi:10.5281/zenodo.6641551[][]. We also re-fer to the doc-u-men-ta-tion of PyPSA ([][]pypsa.readthedocs.io[][])
 []

(/home/fneum/bwss/papers/broad-ranges/paper/broad-ranges.bbl
LaTeX Font Info:    Font shape `OT1/LinuxBiolinumT-TLF/m/n' will be
(Font)              scaled to size 9.0pt on input line 11.
LaTeX Font Info:    Font shape `LS1/libertinust1mathsf/m/n' will be
(Font)              scaled to size 9.0pt on input line 11.
LaTeX Font Info:    Font shape `LS1/libertinust1mathsf/m/n' will be
(Font)              scaled to size 5.0pt on input line 11.

Underfull \hbox (badness 3009) in paragraph at lines 20--24
[]\OT1/LinuxLibertineT-TLF/m/n/9 T. Tr[]ondle, J. Lil-li-es-tam, S. Marelli, S. Pfen-ninger, Trade-Offs be-tween Ge-o-graphic Scale,
 []


Underfull \hbox (badness 1472) in paragraph at lines 45--49
[]\OT1/LinuxLibertineT-TLF/m/n/9 F. Lom-bardi, B. Pick-er-ing, E. Colombo, S. Pfen-ninger, Pol-icy De-ci-sion Sup-port for Re-new-
 []


Underfull \hbox (badness 3375) in paragraph at lines 45--49
\OT1/LinuxLibertineT-TLF/m/n/9 ables De-ploy-ment through Spa-tially Ex-plicit Prac-ti-cally Op-ti-mal Al-ter-na-tives, Joule (2020)
 []

[26] [27]) [28] (/home/fneum/bwss/papers/broad-ranges/paper/broad-ranges.toc)
\tf@toc=\write6
\openout6 = `broad-ranges.toc'.

 [29] (/home/fneum/bwss/papers/broad-ranges/paper/broad-ranges.aux)
Package rerunfilecheck Info: File `broad-ranges.out' has not changed.
(rerunfilecheck)             Checksum: BE4533D38A0750DCDDBD20B811CDC649;1466.
 )
Here is how much of TeX's memory you used:
 25844 strings out of 479304
 503157 string characters out of 5869779
 792767 words of memory out of 5000000
 42302 multiletter control sequences out of 15000+600000
 487054 words of font info for 122 fonts, out of 8000000 for 9000
 1141 hyphenation exceptions out of 8191
 102i,12n,131p,1192b,677s stack positions out of 5000i,500n,10000p,200000b,80000s
{/usr/share/texlive/texmf-dist/fonts/enc/dvips/libertinust1math/libusBMI.enc}{/usr/share/texlive/texmf-dist/fonts/enc/dvips/libertinust1math/libusEX.enc}{/usr/share/texlive/texmf-dist/fonts/enc/dvips/libertinust1math/libusSYM.enc}{/usr/share/texlive/texmf-dist/fonts/enc/dvips/libertinust1math/libusMI.enc}{/usr/share/texlive/texmf-dist/fonts/enc/dvips/libertine/lbtn_edcawa.enc}{/usr/share/texlive/texmf-dist/fonts/enc/dvips/libertine/lbtn_3dk467.enc}{/usr/share/texlive/texmf-dist/fonts/enc/dvips/libertine/lbtn_lyu3x3.enc}{/usr/share/texlive/texmf-dist/fonts/enc/dvips/libertine/lbtn_kijugd.enc}{/usr/share/texlive/texmf-dist/fonts/enc/dvips/libertinust1math/libusMR.enc}{/usr/share/texlive/texmf-dist/fonts/enc/dvips/libertine/lbtn_oexx6f.enc}</usr/share/texlive/texmf-dist/fonts/type1/public/libertinust1math/BDXsfmr-bol.pfb></usr/share/texlive/texmf-dist/fonts/type1/public/libertinust1math/BDXsfmr-reg.pfb></usr/share/texlive/texmf-dist/fonts/type1/public/libertinust1math/LibertinusT1Math.pfb></usr/share/texlive/texmf-dist/fonts/type1/public/libertine/LinBiolinumT.pfb></usr/share/texlive/texmf-dist/fonts/type1/public/libertine/LinLibertineMT.pfb></usr/share/texlive/texmf-dist/fonts/type1/public/libertine/LinLibertineT.pfb></usr/share/texlive/texmf-dist/fonts/type1/public/libertine/LinLibertineTB.pfb></usr/share/texlive/texmf-dist/fonts/type1/public/libertine/LinLibertineTI.pfb></usr/share/texlive/texmf-dist/fonts/type1/public/bbold-type1/bbold10.pfb></usr/share/texlive/texmf-dist/fonts/type1/public/bbold-type1/bbold7.pfb></usr/share/texlive/texmf-dist/fonts/type1/public/stix/stix-mathcal.pfb>
Output written on /home/fneum/bwss/papers/broad-ranges/paper/broad-ranges.pdf (29 pages, 2946023 bytes).
PDF statistics:
 1975 PDF objects out of 2073 (max. 8388607)
 809 compressed objects within 9 object streams
 149 named destinations out of 1000 (max. 500000)
 466 words of extra memory for PDF output out of 10000 (max. 10000000)

